---------------------------------------------------------------
[ 2017-12-04T20:16:21+08:00 ] 127.0.0.1 127.0.0.1 GET /index.php/index/payment/pay?pay=jQuery21109462192872370272_1512389779972&oid=1&uid=1&_=1512389779973
[ info ] www.mywebsitezhang.xin/index.php/index/payment/pay?pay=jQuery21109462192872370272_1512389779972&oid=1&uid=1&_=1512389779973 [运行时间：0.057997s][吞吐率：17.24req/s] [内存消耗：2,226.80kb] [文件加载：53]
[ info ] [ LANG ] D:\phpStudy\WWW\Practice-one\p2p\thinkphp\lang\zh-cn.php
[ info ] [ ROUTE ] array (
  'type' => 'module',
  'module' => 
  array (
    0 => 'index',
    1 => 'payment',
    2 => 'pay',
  ),
)
[ info ] [ HEADER ] array (
  'cookie' => 'UM_distinctid=160148e4ebb84-06e8c496e03a12-5948271d-1fa400-160148e4ebc823; tj_cid=36004ded-4d3c-2abd-aff8-ccc4c8d7a751; CNZZDATA1266198848=606247615-1512173359-%7C1512173359',
  'accept-language' => 'zh-CN,zh;q=0.8',
  'accept-encoding' => 'gzip, deflate',
  'referer' => 'http://127.0.0.1:8020/P2PApp/isPay.html',
  'accept' => '*/*',
  'user-agent' => 'Mozilla/5.0 (Windows NT 10.0; WOW64) AppleWebKit/537.36 (KHTML, like Gecko) Chrome/60.0.3112.78 Safari/537.36',
  'connection' => 'keep-alive',
  'host' => 'www.mywebsitezhang.xin',
  'content-length' => '',
  'content-type' => '',
)
[ info ] [ PARAM ] array (
  'pay' => 'jQuery21109462192872370272_1512389779972',
  'oid' => '1',
  'uid' => '1',
  '_' => '1512389779973',
)
[ info ] [ RUN ] app\index\controller\Payment->Pay[ D:\phpStudy\WWW\Practice-one\p2p\application\index\controller\Payment.php ]
[ info ] [ DB ] INIT mysql
[ info ] [ DB ] INIT mysql
[ info ] [ LOG ] INIT File
[ sql ] [ DB ] CONNECT:[ UseTime:0.001076s ] mysql:host=127.0.0.1;dbname=p2pApp;charset=utf8
[ sql ] [ SQL ] SHOW COLUMNS FROM `p_order` [ RunTime:0.019099s ]
[ sql ] [ SQL ] SELECT * FROM `p_order` WHERE  `oid` = 1  AND `uid` = 1  AND `status` = 0 LIMIT 1 [ RunTime:0.001195s ]
---------------------------------------------------------------
[ 2017-12-04T20:16:21+08:00 ] 127.0.0.1 127.0.0.1 GET /index.php/index/payment/pay?pay=jQuery21105193316562292813_1512389780158&oid=1&uid=1&_=1512389780159
[ info ] www.mywebsitezhang.xin/index.php/index/payment/pay?pay=jQuery21105193316562292813_1512389780158&oid=1&uid=1&_=1512389780159 [运行时间：0.056050s][吞吐率：17.84req/s] [内存消耗：2,226.59kb] [文件加载：53]
[ info ] [ LANG ] D:\phpStudy\WWW\Practice-one\p2p\thinkphp\lang\zh-cn.php
[ info ] [ ROUTE ] array (
  'type' => 'module',
  'module' => 
  array (
    0 => 'index',
    1 => 'payment',
    2 => 'pay',
  ),
)
[ info ] [ HEADER ] array (
  'cookie' => 'UM_distinctid=160148e4ebb84-06e8c496e03a12-5948271d-1fa400-160148e4ebc823; tj_cid=36004ded-4d3c-2abd-aff8-ccc4c8d7a751; CNZZDATA1266198848=606247615-1512173359-%7C1512173359',
  'accept-language' => 'zh-CN,zh;q=0.8',
  'accept-encoding' => 'gzip, deflate',
  'referer' => 'http://127.0.0.1:8020/P2PApp/isPay.html',
  'accept' => '*/*',
  'user-agent' => 'Mozilla/5.0 (Windows NT 10.0; WOW64) AppleWebKit/537.36 (KHTML, like Gecko) Chrome/60.0.3112.78 Safari/537.36',
  'connection' => 'keep-alive',
  'host' => 'www.mywebsitezhang.xin',
  'content-length' => '',
  'content-type' => '',
)
[ info ] [ PARAM ] array (
  'pay' => 'jQuery21105193316562292813_1512389780158',
  'oid' => '1',
  'uid' => '1',
  '_' => '1512389780159',
)
[ info ] [ RUN ] app\index\controller\Payment->Pay[ D:\phpStudy\WWW\Practice-one\p2p\application\index\controller\Payment.php ]
[ info ] [ DB ] INIT mysql
[ info ] [ DB ] INIT mysql
[ info ] [ LOG ] INIT File
[ sql ] [ DB ] CONNECT:[ UseTime:0.000979s ] mysql:host=127.0.0.1;dbname=p2pApp;charset=utf8
[ sql ] [ SQL ] SHOW COLUMNS FROM `p_order` [ RunTime:0.014273s ]
[ sql ] [ SQL ] SELECT * FROM `p_order` WHERE  `oid` = 1  AND `uid` = 1  AND `status` = 0 LIMIT 1 [ RunTime:0.001283s ]
---------------------------------------------------------------
[ 2017-12-04T20:16:21+08:00 ] 127.0.0.1 127.0.0.1 GET /index.php/index/payment/pay?pay=jQuery21109851104305247094_1512389780460&oid=1&uid=1&_=1512389780461
[ info ] www.mywebsitezhang.xin/index.php/index/payment/pay?pay=jQuery21109851104305247094_1512389780460&oid=1&uid=1&_=1512389780461 [运行时间：0.056623s][吞吐率：17.66req/s] [内存消耗：2,226.59kb] [文件加载：53]
[ info ] [ LANG ] D:\phpStudy\WWW\Practice-one\p2p\thinkphp\lang\zh-cn.php
[ info ] [ ROUTE ] array (
  'type' => 'module',
  'module' => 
  array (
    0 => 'index',
    1 => 'payment',
    2 => 'pay',
  ),
)
[ info ] [ HEADER ] array (
  'cookie' => 'UM_distinctid=160148e4ebb84-06e8c496e03a12-5948271d-1fa400-160148e4ebc823; tj_cid=36004ded-4d3c-2abd-aff8-ccc4c8d7a751; CNZZDATA1266198848=606247615-1512173359-%7C1512173359',
  'accept-language' => 'zh-CN,zh;q=0.8',
  'accept-encoding' => 'gzip, deflate',
  'referer' => 'http://127.0.0.1:8020/P2PApp/isPay.html',
  'accept' => '*/*',
  'user-agent' => 'Mozilla/5.0 (Windows NT 10.0; WOW64) AppleWebKit/537.36 (KHTML, like Gecko) Chrome/60.0.3112.78 Safari/537.36',
  'connection' => 'keep-alive',
  'host' => 'www.mywebsitezhang.xin',
  'content-length' => '',
  'content-type' => '',
)
[ info ] [ PARAM ] array (
  'pay' => 'jQuery21109851104305247094_1512389780460',
  'oid' => '1',
  'uid' => '1',
  '_' => '1512389780461',
)
[ info ] [ RUN ] app\index\controller\Payment->Pay[ D:\phpStudy\WWW\Practice-one\p2p\application\index\controller\Payment.php ]
[ info ] [ DB ] INIT mysql
[ info ] [ DB ] INIT mysql
[ info ] [ LOG ] INIT File
[ sql ] [ DB ] CONNECT:[ UseTime:0.001377s ] mysql:host=127.0.0.1;dbname=p2pApp;charset=utf8
[ sql ] [ SQL ] SHOW COLUMNS FROM `p_order` [ RunTime:0.017276s ]
[ sql ] [ SQL ] SELECT * FROM `p_order` WHERE  `oid` = 1  AND `uid` = 1  AND `status` = 0 LIMIT 1 [ RunTime:0.000880s ]
---------------------------------------------------------------
[ 2017-12-04T20:16:21+08:00 ] 127.0.0.1 127.0.0.1 GET /index.php/index/payment/pay?pay=jQuery21106545385855595482_1512389780736&oid=1&uid=1&_=1512389780737
[ info ] www.mywebsitezhang.xin/index.php/index/payment/pay?pay=jQuery21106545385855595482_1512389780736&oid=1&uid=1&_=1512389780737 [运行时间：0.066400s][吞吐率：15.06req/s] [内存消耗：2,226.59kb] [文件加载：53]
[ info ] [ LANG ] D:\phpStudy\WWW\Practice-one\p2p\thinkphp\lang\zh-cn.php
[ info ] [ ROUTE ] array (
  'type' => 'module',
  'module' => 
  array (
    0 => 'index',
    1 => 'payment',
    2 => 'pay',
  ),
)
[ info ] [ HEADER ] array (
  'cookie' => 'UM_distinctid=160148e4ebb84-06e8c496e03a12-5948271d-1fa400-160148e4ebc823; tj_cid=36004ded-4d3c-2abd-aff8-ccc4c8d7a751; CNZZDATA1266198848=606247615-1512173359-%7C1512173359',
  'accept-language' => 'zh-CN,zh;q=0.8',
  'accept-encoding' => 'gzip, deflate',
  'referer' => 'http://127.0.0.1:8020/P2PApp/isPay.html',
  'accept' => '*/*',
  'user-agent' => 'Mozilla/5.0 (Windows NT 10.0; WOW64) AppleWebKit/537.36 (KHTML, like Gecko) Chrome/60.0.3112.78 Safari/537.36',
  'connection' => 'keep-alive',
  'host' => 'www.mywebsitezhang.xin',
  'content-length' => '',
  'content-type' => '',
)
[ info ] [ PARAM ] array (
  'pay' => 'jQuery21106545385855595482_1512389780736',
  'oid' => '1',
  'uid' => '1',
  '_' => '1512389780737',
)
[ info ] [ RUN ] app\index\controller\Payment->Pay[ D:\phpStudy\WWW\Practice-one\p2p\application\index\controller\Payment.php ]
[ info ] [ DB ] INIT mysql
[ info ] [ DB ] INIT mysql
[ info ] [ LOG ] INIT File
[ sql ] [ DB ] CONNECT:[ UseTime:0.000879s ] mysql:host=127.0.0.1;dbname=p2pApp;charset=utf8
[ sql ] [ SQL ] SHOW COLUMNS FROM `p_order` [ RunTime:0.021315s ]
[ sql ] [ SQL ] SELECT * FROM `p_order` WHERE  `oid` = 1  AND `uid` = 1  AND `status` = 0 LIMIT 1 [ RunTime:0.000848s ]
---------------------------------------------------------------
[ 2017-12-04T20:16:21+08:00 ] 127.0.0.1 127.0.0.1 GET /index.php/index/payment/pay?pay=jQuery2110629176333607425_1512389780890&oid=1&uid=1&_=1512389780891
[ info ] www.mywebsitezhang.xin/index.php/index/payment/pay?pay=jQuery2110629176333607425_1512389780890&oid=1&uid=1&_=1512389780891 [运行时间：0.079139s][吞吐率：12.64req/s] [内存消耗：2,226.59kb] [文件加载：53]
[ info ] [ LANG ] D:\phpStudy\WWW\Practice-one\p2p\thinkphp\lang\zh-cn.php
[ info ] [ ROUTE ] array (
  'type' => 'module',
  'module' => 
  array (
    0 => 'index',
    1 => 'payment',
    2 => 'pay',
  ),
)
[ info ] [ HEADER ] array (
  'cookie' => 'UM_distinctid=160148e4ebb84-06e8c496e03a12-5948271d-1fa400-160148e4ebc823; tj_cid=36004ded-4d3c-2abd-aff8-ccc4c8d7a751; CNZZDATA1266198848=606247615-1512173359-%7C1512173359',
  'accept-language' => 'zh-CN,zh;q=0.8',
  'accept-encoding' => 'gzip, deflate',
  'referer' => 'http://127.0.0.1:8020/P2PApp/isPay.html',
  'accept' => '*/*',
  'user-agent' => 'Mozilla/5.0 (Windows NT 10.0; WOW64) AppleWebKit/537.36 (KHTML, like Gecko) Chrome/60.0.3112.78 Safari/537.36',
  'connection' => 'keep-alive',
  'host' => 'www.mywebsitezhang.xin',
  'content-length' => '',
  'content-type' => '',
)
[ info ] [ PARAM ] array (
  'pay' => 'jQuery2110629176333607425_1512389780890',
  'oid' => '1',
  'uid' => '1',
  '_' => '1512389780891',
)
[ info ] [ RUN ] app\index\controller\Payment->Pay[ D:\phpStudy\WWW\Practice-one\p2p\application\index\controller\Payment.php ]
[ info ] [ DB ] INIT mysql
[ info ] [ DB ] INIT mysql
[ info ] [ LOG ] INIT File
[ sql ] [ DB ] CONNECT:[ UseTime:0.001048s ] mysql:host=127.0.0.1;dbname=p2pApp;charset=utf8
[ sql ] [ SQL ] SHOW COLUMNS FROM `p_order` [ RunTime:0.015049s ]
[ sql ] [ SQL ] SELECT * FROM `p_order` WHERE  `oid` = 1  AND `uid` = 1  AND `status` = 0 LIMIT 1 [ RunTime:0.000830s ]
---------------------------------------------------------------
[ 2017-12-04T20:16:21+08:00 ] 127.0.0.1 127.0.0.1 GET /index.php/index/payment/pay?pay=jQuery211011866356807238287_1512389781187&oid=1&uid=1&_=1512389781188
[ info ] www.mywebsitezhang.xin/index.php/index/payment/pay?pay=jQuery211011866356807238287_1512389781187&oid=1&uid=1&_=1512389781188 [运行时间：0.056947s][吞吐率：17.56req/s] [内存消耗：2,226.59kb] [文件加载：53]
[ info ] [ LANG ] D:\phpStudy\WWW\Practice-one\p2p\thinkphp\lang\zh-cn.php
[ info ] [ ROUTE ] array (
  'type' => 'module',
  'module' => 
  array (
    0 => 'index',
    1 => 'payment',
    2 => 'pay',
  ),
)
[ info ] [ HEADER ] array (
  'cookie' => 'UM_distinctid=160148e4ebb84-06e8c496e03a12-5948271d-1fa400-160148e4ebc823; tj_cid=36004ded-4d3c-2abd-aff8-ccc4c8d7a751; CNZZDATA1266198848=606247615-1512173359-%7C1512173359',
  'accept-language' => 'zh-CN,zh;q=0.8',
  'accept-encoding' => 'gzip, deflate',
  'referer' => 'http://127.0.0.1:8020/P2PApp/isPay.html',
  'accept' => '*/*',
  'user-agent' => 'Mozilla/5.0 (Windows NT 10.0; WOW64) AppleWebKit/537.36 (KHTML, like Gecko) Chrome/60.0.3112.78 Safari/537.36',
  'connection' => 'keep-alive',
  'host' => 'www.mywebsitezhang.xin',
  'content-length' => '',
  'content-type' => '',
)
[ info ] [ PARAM ] array (
  'pay' => 'jQuery211011866356807238287_1512389781187',
  'oid' => '1',
  'uid' => '1',
  '_' => '1512389781188',
)
[ info ] [ RUN ] app\index\controller\Payment->Pay[ D:\phpStudy\WWW\Practice-one\p2p\application\index\controller\Payment.php ]
[ info ] [ DB ] INIT mysql
[ info ] [ DB ] INIT mysql
[ info ] [ LOG ] INIT File
[ sql ] [ DB ] CONNECT:[ UseTime:0.000918s ] mysql:host=127.0.0.1;dbname=p2pApp;charset=utf8
[ sql ] [ SQL ] SHOW COLUMNS FROM `p_order` [ RunTime:0.014991s ]
[ sql ] [ SQL ] SELECT * FROM `p_order` WHERE  `oid` = 1  AND `uid` = 1  AND `status` = 0 LIMIT 1 [ RunTime:0.000633s ]
---------------------------------------------------------------
[ 2017-12-04T20:16:21+08:00 ] 127.0.0.1 127.0.0.1 GET /index.php/index/payment/pay?pay=jQuery211029740281346087993_1512389781567&oid=1&uid=1&_=1512389781568
[ info ] www.mywebsitezhang.xin/index.php/index/payment/pay?pay=jQuery211029740281346087993_1512389781567&oid=1&uid=1&_=1512389781568 [运行时间：0.065668s][吞吐率：15.23req/s] [内存消耗：2,226.59kb] [文件加载：53]
[ info ] [ LANG ] D:\phpStudy\WWW\Practice-one\p2p\thinkphp\lang\zh-cn.php
[ info ] [ ROUTE ] array (
  'type' => 'module',
  'module' => 
  array (
    0 => 'index',
    1 => 'payment',
    2 => 'pay',
  ),
)
[ info ] [ HEADER ] array (
  'cookie' => 'UM_distinctid=160148e4ebb84-06e8c496e03a12-5948271d-1fa400-160148e4ebc823; tj_cid=36004ded-4d3c-2abd-aff8-ccc4c8d7a751; CNZZDATA1266198848=606247615-1512173359-%7C1512173359',
  'accept-language' => 'zh-CN,zh;q=0.8',
  'accept-encoding' => 'gzip, deflate',
  'referer' => 'http://127.0.0.1:8020/P2PApp/isPay.html',
  'accept' => '*/*',
  'user-agent' => 'Mozilla/5.0 (Windows NT 10.0; WOW64) AppleWebKit/537.36 (KHTML, like Gecko) Chrome/60.0.3112.78 Safari/537.36',
  'connection' => 'keep-alive',
  'host' => 'www.mywebsitezhang.xin',
  'content-length' => '',
  'content-type' => '',
)
[ info ] [ PARAM ] array (
  'pay' => 'jQuery211029740281346087993_1512389781567',
  'oid' => '1',
  'uid' => '1',
  '_' => '1512389781568',
)
[ info ] [ RUN ] app\index\controller\Payment->Pay[ D:\phpStudy\WWW\Practice-one\p2p\application\index\controller\Payment.php ]
[ info ] [ DB ] INIT mysql
[ info ] [ DB ] INIT mysql
[ info ] [ LOG ] INIT File
[ sql ] [ DB ] CONNECT:[ UseTime:0.001055s ] mysql:host=127.0.0.1;dbname=p2pApp;charset=utf8
[ sql ] [ SQL ] SHOW COLUMNS FROM `p_order` [ RunTime:0.020765s ]
[ sql ] [ SQL ] SELECT * FROM `p_order` WHERE  `oid` = 1  AND `uid` = 1  AND `status` = 0 LIMIT 1 [ RunTime:0.000876s ]
---------------------------------------------------------------
[ 2017-12-04T20:16:22+08:00 ] 127.0.0.1 127.0.0.1 GET /index.php/index/payment/pay?pay=jQuery21108184171678841119_1512389781835&oid=1&uid=1&_=1512389781836
[ info ] www.mywebsitezhang.xin/index.php/index/payment/pay?pay=jQuery21108184171678841119_1512389781835&oid=1&uid=1&_=1512389781836 [运行时间：0.095610s][吞吐率：10.46req/s] [内存消耗：2,226.59kb] [文件加载：53]
[ info ] [ LANG ] D:\phpStudy\WWW\Practice-one\p2p\thinkphp\lang\zh-cn.php
[ info ] [ ROUTE ] array (
  'type' => 'module',
  'module' => 
  array (
    0 => 'index',
    1 => 'payment',
    2 => 'pay',
  ),
)
[ info ] [ HEADER ] array (
  'cookie' => 'UM_distinctid=160148e4ebb84-06e8c496e03a12-5948271d-1fa400-160148e4ebc823; tj_cid=36004ded-4d3c-2abd-aff8-ccc4c8d7a751; CNZZDATA1266198848=606247615-1512173359-%7C1512173359',
  'accept-language' => 'zh-CN,zh;q=0.8',
  'accept-encoding' => 'gzip, deflate',
  'referer' => 'http://127.0.0.1:8020/P2PApp/isPay.html',
  'accept' => '*/*',
  'user-agent' => 'Mozilla/5.0 (Windows NT 10.0; WOW64) AppleWebKit/537.36 (KHTML, like Gecko) Chrome/60.0.3112.78 Safari/537.36',
  'connection' => 'keep-alive',
  'host' => 'www.mywebsitezhang.xin',
  'content-length' => '',
  'content-type' => '',
)
[ info ] [ PARAM ] array (
  'pay' => 'jQuery21108184171678841119_1512389781835',
  'oid' => '1',
  'uid' => '1',
  '_' => '1512389781836',
)
[ info ] [ RUN ] app\index\controller\Payment->Pay[ D:\phpStudy\WWW\Practice-one\p2p\application\index\controller\Payment.php ]
[ info ] [ DB ] INIT mysql
[ info ] [ DB ] INIT mysql
[ info ] [ LOG ] INIT File
[ sql ] [ DB ] CONNECT:[ UseTime:0.001312s ] mysql:host=127.0.0.1;dbname=p2pApp;charset=utf8
[ sql ] [ SQL ] SHOW COLUMNS FROM `p_order` [ RunTime:0.028528s ]
[ sql ] [ SQL ] SELECT * FROM `p_order` WHERE  `oid` = 1  AND `uid` = 1  AND `status` = 0 LIMIT 1 [ RunTime:0.000810s ]
---------------------------------------------------------------
[ 2017-12-04T20:16:22+08:00 ] 127.0.0.1 127.0.0.1 GET /index.php/index/payment/pay?pay=jQuery211023863764380960029_1512389782408&oid=1&uid=1&_=1512389782409
[ info ] www.mywebsitezhang.xin/index.php/index/payment/pay?pay=jQuery211023863764380960029_1512389782408&oid=1&uid=1&_=1512389782409 [运行时间：0.058000s][吞吐率：17.24req/s] [内存消耗：2,226.59kb] [文件加载：53]
[ info ] [ LANG ] D:\phpStudy\WWW\Practice-one\p2p\thinkphp\lang\zh-cn.php
[ info ] [ ROUTE ] array (
  'type' => 'module',
  'module' => 
  array (
    0 => 'index',
    1 => 'payment',
    2 => 'pay',
  ),
)
[ info ] [ HEADER ] array (
  'cookie' => 'UM_distinctid=160148e4ebb84-06e8c496e03a12-5948271d-1fa400-160148e4ebc823; tj_cid=36004ded-4d3c-2abd-aff8-ccc4c8d7a751; CNZZDATA1266198848=606247615-1512173359-%7C1512173359',
  'accept-language' => 'zh-CN,zh;q=0.8',
  'accept-encoding' => 'gzip, deflate',
  'referer' => 'http://127.0.0.1:8020/P2PApp/isPay.html',
  'accept' => '*/*',
  'user-agent' => 'Mozilla/5.0 (Windows NT 10.0; WOW64) AppleWebKit/537.36 (KHTML, like Gecko) Chrome/60.0.3112.78 Safari/537.36',
  'connection' => 'keep-alive',
  'host' => 'www.mywebsitezhang.xin',
  'content-length' => '',
  'content-type' => '',
)
[ info ] [ PARAM ] array (
  'pay' => 'jQuery211023863764380960029_1512389782408',
  'oid' => '1',
  'uid' => '1',
  '_' => '1512389782409',
)
[ info ] [ RUN ] app\index\controller\Payment->Pay[ D:\phpStudy\WWW\Practice-one\p2p\application\index\controller\Payment.php ]
[ info ] [ DB ] INIT mysql
[ info ] [ DB ] INIT mysql
[ info ] [ LOG ] INIT File
[ sql ] [ DB ] CONNECT:[ UseTime:0.001417s ] mysql:host=127.0.0.1;dbname=p2pApp;charset=utf8
[ sql ] [ SQL ] SHOW COLUMNS FROM `p_order` [ RunTime:0.016494s ]
[ sql ] [ SQL ] SELECT * FROM `p_order` WHERE  `oid` = 1  AND `uid` = 1  AND `status` = 0 LIMIT 1 [ RunTime:0.000662s ]
---------------------------------------------------------------
[ 2017-12-04T20:16:22+08:00 ] 127.0.0.1 127.0.0.1 GET /index.php/index/payment/pay?pay=jQuery21106844540341472451_1512389782633&oid=1&uid=1&_=1512389782634
[ info ] www.mywebsitezhang.xin/index.php/index/payment/pay?pay=jQuery21106844540341472451_1512389782633&oid=1&uid=1&_=1512389782634 [运行时间：0.056672s][吞吐率：17.65req/s] [内存消耗：2,226.59kb] [文件加载：53]
[ info ] [ LANG ] D:\phpStudy\WWW\Practice-one\p2p\thinkphp\lang\zh-cn.php
[ info ] [ ROUTE ] array (
  'type' => 'module',
  'module' => 
  array (
    0 => 'index',
    1 => 'payment',
    2 => 'pay',
  ),
)
[ info ] [ HEADER ] array (
  'cookie' => 'UM_distinctid=160148e4ebb84-06e8c496e03a12-5948271d-1fa400-160148e4ebc823; tj_cid=36004ded-4d3c-2abd-aff8-ccc4c8d7a751; CNZZDATA1266198848=606247615-1512173359-%7C1512173359',
  'accept-language' => 'zh-CN,zh;q=0.8',
  'accept-encoding' => 'gzip, deflate',
  'referer' => 'http://127.0.0.1:8020/P2PApp/isPay.html',
  'accept' => '*/*',
  'user-agent' => 'Mozilla/5.0 (Windows NT 10.0; WOW64) AppleWebKit/537.36 (KHTML, like Gecko) Chrome/60.0.3112.78 Safari/537.36',
  'connection' => 'keep-alive',
  'host' => 'www.mywebsitezhang.xin',
  'content-length' => '',
  'content-type' => '',
)
[ info ] [ PARAM ] array (
  'pay' => 'jQuery21106844540341472451_1512389782633',
  'oid' => '1',
  'uid' => '1',
  '_' => '1512389782634',
)
[ info ] [ RUN ] app\index\controller\Payment->Pay[ D:\phpStudy\WWW\Practice-one\p2p\application\index\controller\Payment.php ]
[ info ] [ DB ] INIT mysql
[ info ] [ DB ] INIT mysql
[ info ] [ LOG ] INIT File
[ sql ] [ DB ] CONNECT:[ UseTime:0.001137s ] mysql:host=127.0.0.1;dbname=p2pApp;charset=utf8
[ sql ] [ SQL ] SHOW COLUMNS FROM `p_order` [ RunTime:0.012678s ]
[ sql ] [ SQL ] SELECT * FROM `p_order` WHERE  `oid` = 1  AND `uid` = 1  AND `status` = 0 LIMIT 1 [ RunTime:0.000600s ]
---------------------------------------------------------------
[ 2017-12-04T20:16:28+08:00 ] 127.0.0.1 127.0.0.1 GET /index.php/index/payment/payment?pay=jQuery21106844540341472451_1512389782633&oid=1&uid=1&pt=1&money=10&sid=3&_=1512389782635
[ info ] www.mywebsitezhang.xin/index.php/index/payment/payment?pay=jQuery21106844540341472451_1512389782633&oid=1&uid=1&pt=1&money=10&sid=3&_=1512389782635 [运行时间：0.040422s][吞吐率：24.74req/s] [内存消耗：2,211.91kb] [文件加载：54]
[ info ] [ LANG ] D:\phpStudy\WWW\Practice-one\p2p\thinkphp\lang\zh-cn.php
[ info ] [ ROUTE ] array (
  'type' => 'module',
  'module' => 
  array (
    0 => 'index',
    1 => 'payment',
    2 => 'payment',
  ),
)
[ info ] [ HEADER ] array (
  'cookie' => 'UM_distinctid=160148e4ebb84-06e8c496e03a12-5948271d-1fa400-160148e4ebc823; tj_cid=36004ded-4d3c-2abd-aff8-ccc4c8d7a751; CNZZDATA1266198848=606247615-1512173359-%7C1512173359',
  'accept-language' => 'zh-CN,zh;q=0.8',
  'accept-encoding' => 'gzip, deflate',
  'referer' => 'http://127.0.0.1:8020/P2PApp/isPay.html',
  'accept' => '*/*',
  'user-agent' => 'Mozilla/5.0 (Windows NT 10.0; WOW64) AppleWebKit/537.36 (KHTML, like Gecko) Chrome/60.0.3112.78 Safari/537.36',
  'connection' => 'keep-alive',
  'host' => 'www.mywebsitezhang.xin',
  'content-length' => '',
  'content-type' => '',
)
[ info ] [ PARAM ] array (
  'pay' => 'jQuery21106844540341472451_1512389782633',
  'oid' => '1',
  'uid' => '1',
  'pt' => '1',
  'money' => '10',
  'sid' => '3',
  '_' => '1512389782635',
)
[ info ] [ RUN ] app\index\controller\Payment->Payment[ D:\phpStudy\WWW\Practice-one\p2p\application\index\controller\Payment.php ]
[ info ] [ DB ] INIT mysql
[ info ] [ LOG ] INIT File
---------------------------------------------------------------
[ 2017-12-04T20:16:31+08:00 ] 127.0.0.1 127.0.0.1 GET /index.php/index/payment/pay?pay=jQuery21108779386212313982_1512389790955&oid=1&uid=1&_=1512389790956
[ info ] www.mywebsitezhang.xin/index.php/index/payment/pay?pay=jQuery21108779386212313982_1512389790955&oid=1&uid=1&_=1512389790956 [运行时间：0.070927s][吞吐率：14.10req/s] [内存消耗：2,226.59kb] [文件加载：53]
[ info ] [ LANG ] D:\phpStudy\WWW\Practice-one\p2p\thinkphp\lang\zh-cn.php
[ info ] [ ROUTE ] array (
  'type' => 'module',
  'module' => 
  array (
    0 => 'index',
    1 => 'payment',
    2 => 'pay',
  ),
)
[ info ] [ HEADER ] array (
  'cookie' => 'UM_distinctid=160148e4ebb84-06e8c496e03a12-5948271d-1fa400-160148e4ebc823; tj_cid=36004ded-4d3c-2abd-aff8-ccc4c8d7a751; CNZZDATA1266198848=606247615-1512173359-%7C1512173359',
  'accept-language' => 'zh-CN,zh;q=0.8',
  'accept-encoding' => 'gzip, deflate',
  'referer' => 'http://127.0.0.1:8020/P2PApp/isPay.html',
  'accept' => '*/*',
  'user-agent' => 'Mozilla/5.0 (Windows NT 10.0; WOW64) AppleWebKit/537.36 (KHTML, like Gecko) Chrome/60.0.3112.78 Safari/537.36',
  'connection' => 'keep-alive',
  'host' => 'www.mywebsitezhang.xin',
  'content-length' => '',
  'content-type' => '',
)
[ info ] [ PARAM ] array (
  'pay' => 'jQuery21108779386212313982_1512389790955',
  'oid' => '1',
  'uid' => '1',
  '_' => '1512389790956',
)
[ info ] [ RUN ] app\index\controller\Payment->Pay[ D:\phpStudy\WWW\Practice-one\p2p\application\index\controller\Payment.php ]
[ info ] [ DB ] INIT mysql
[ info ] [ DB ] INIT mysql
[ info ] [ LOG ] INIT File
[ sql ] [ DB ] CONNECT:[ UseTime:0.001796s ] mysql:host=127.0.0.1;dbname=p2pApp;charset=utf8
[ sql ] [ SQL ] SHOW COLUMNS FROM `p_order` [ RunTime:0.024915s ]
[ sql ] [ SQL ] SELECT * FROM `p_order` WHERE  `oid` = 1  AND `uid` = 1  AND `status` = 0 LIMIT 1 [ RunTime:0.000517s ]
---------------------------------------------------------------
[ 2017-12-04T20:16:40+08:00 ] 127.0.0.1 127.0.0.1 GET /index.php/index/payment/pay?pay=jQuery21103231074553532636_1512389800551&oid=1&uid=1&_=1512389800552
[ info ] www.mywebsitezhang.xin/index.php/index/payment/pay?pay=jQuery21103231074553532636_1512389800551&oid=1&uid=1&_=1512389800552 [运行时间：0.061617s][吞吐率：16.23req/s] [内存消耗：2,226.59kb] [文件加载：53]
[ info ] [ LANG ] D:\phpStudy\WWW\Practice-one\p2p\thinkphp\lang\zh-cn.php
[ info ] [ ROUTE ] array (
  'type' => 'module',
  'module' => 
  array (
    0 => 'index',
    1 => 'payment',
    2 => 'pay',
  ),
)
[ info ] [ HEADER ] array (
  'cookie' => 'UM_distinctid=160148e4ebb84-06e8c496e03a12-5948271d-1fa400-160148e4ebc823; tj_cid=36004ded-4d3c-2abd-aff8-ccc4c8d7a751; CNZZDATA1266198848=606247615-1512173359-%7C1512173359',
  'accept-language' => 'zh-CN,zh;q=0.8',
  'accept-encoding' => 'gzip, deflate',
  'referer' => 'http://127.0.0.1:8020/P2PApp/isPay.html',
  'accept' => '*/*',
  'user-agent' => 'Mozilla/5.0 (Windows NT 10.0; WOW64) AppleWebKit/537.36 (KHTML, like Gecko) Chrome/60.0.3112.78 Safari/537.36',
  'connection' => 'keep-alive',
  'host' => 'www.mywebsitezhang.xin',
  'content-length' => '',
  'content-type' => '',
)
[ info ] [ PARAM ] array (
  'pay' => 'jQuery21103231074553532636_1512389800551',
  'oid' => '1',
  'uid' => '1',
  '_' => '1512389800552',
)
[ info ] [ RUN ] app\index\controller\Payment->Pay[ D:\phpStudy\WWW\Practice-one\p2p\application\index\controller\Payment.php ]
[ info ] [ DB ] INIT mysql
[ info ] [ DB ] INIT mysql
[ info ] [ LOG ] INIT File
[ sql ] [ DB ] CONNECT:[ UseTime:0.001103s ] mysql:host=127.0.0.1;dbname=p2pApp;charset=utf8
[ sql ] [ SQL ] SHOW COLUMNS FROM `p_order` [ RunTime:0.025170s ]
[ sql ] [ SQL ] SELECT * FROM `p_order` WHERE  `oid` = 1  AND `uid` = 1  AND `status` = 0 LIMIT 1 [ RunTime:0.000550s ]
---------------------------------------------------------------
[ 2017-12-04T20:16:42+08:00 ] 127.0.0.1 127.0.0.1 GET /index.php/index/payment/payment?pay=jQuery21103231074553532636_1512389800551&oid=1&uid=1&pt=1&money=10&sid=3&_=1512389800553
[ info ] www.mywebsitezhang.xin/index.php/index/payment/payment?pay=jQuery21103231074553532636_1512389800551&oid=1&uid=1&pt=1&money=10&sid=3&_=1512389800553 [运行时间：0.039376s][吞吐率：25.40req/s] [内存消耗：2,211.91kb] [文件加载：54]
[ info ] [ LANG ] D:\phpStudy\WWW\Practice-one\p2p\thinkphp\lang\zh-cn.php
[ info ] [ ROUTE ] array (
  'type' => 'module',
  'module' => 
  array (
    0 => 'index',
    1 => 'payment',
    2 => 'payment',
  ),
)
[ info ] [ HEADER ] array (
  'cookie' => 'UM_distinctid=160148e4ebb84-06e8c496e03a12-5948271d-1fa400-160148e4ebc823; tj_cid=36004ded-4d3c-2abd-aff8-ccc4c8d7a751; CNZZDATA1266198848=606247615-1512173359-%7C1512173359',
  'accept-language' => 'zh-CN,zh;q=0.8',
  'accept-encoding' => 'gzip, deflate',
  'referer' => 'http://127.0.0.1:8020/P2PApp/isPay.html',
  'accept' => '*/*',
  'user-agent' => 'Mozilla/5.0 (Windows NT 10.0; WOW64) AppleWebKit/537.36 (KHTML, like Gecko) Chrome/60.0.3112.78 Safari/537.36',
  'connection' => 'keep-alive',
  'host' => 'www.mywebsitezhang.xin',
  'content-length' => '',
  'content-type' => '',
)
[ info ] [ PARAM ] array (
  'pay' => 'jQuery21103231074553532636_1512389800551',
  'oid' => '1',
  'uid' => '1',
  'pt' => '1',
  'money' => '10',
  'sid' => '3',
  '_' => '1512389800553',
)
[ info ] [ RUN ] app\index\controller\Payment->Payment[ D:\phpStudy\WWW\Practice-one\p2p\application\index\controller\Payment.php ]
[ info ] [ DB ] INIT mysql
[ info ] [ LOG ] INIT File
---------------------------------------------------------------
[ 2017-12-04T20:17:32+08:00 ] 127.0.0.1 127.0.0.1 GET /index.php/index/payment/pay?pay=jQuery211020749048448646823_1512389852101&oid=1&uid=1&_=1512389852102
[ info ] www.mywebsitezhang.xin/index.php/index/payment/pay?pay=jQuery211020749048448646823_1512389852101&oid=1&uid=1&_=1512389852102 [运行时间：0.062676s][吞吐率：15.96req/s] [内存消耗：2,226.63kb] [文件加载：53]
[ info ] [ LANG ] D:\phpStudy\WWW\Practice-one\p2p\thinkphp\lang\zh-cn.php
[ info ] [ ROUTE ] array (
  'type' => 'module',
  'module' => 
  array (
    0 => 'index',
    1 => 'payment',
    2 => 'pay',
  ),
)
[ info ] [ HEADER ] array (
  'cookie' => 'UM_distinctid=160148e4ebb84-06e8c496e03a12-5948271d-1fa400-160148e4ebc823; tj_cid=36004ded-4d3c-2abd-aff8-ccc4c8d7a751; CNZZDATA1266198848=606247615-1512173359-%7C1512173359',
  'accept-language' => 'zh-CN,zh;q=0.8',
  'accept-encoding' => 'gzip, deflate',
  'referer' => 'http://127.0.0.1:8020/P2PApp/isPay.html',
  'accept' => '*/*',
  'user-agent' => 'Mozilla/5.0 (Windows NT 10.0; WOW64) AppleWebKit/537.36 (KHTML, like Gecko) Chrome/60.0.3112.78 Safari/537.36',
  'connection' => 'keep-alive',
  'host' => 'www.mywebsitezhang.xin',
  'content-length' => '',
  'content-type' => '',
)
[ info ] [ PARAM ] array (
  'pay' => 'jQuery211020749048448646823_1512389852101',
  'oid' => '1',
  'uid' => '1',
  '_' => '1512389852102',
)
[ info ] [ RUN ] app\index\controller\Payment->Pay[ D:\phpStudy\WWW\Practice-one\p2p\application\index\controller\Payment.php ]
[ info ] [ DB ] INIT mysql
[ info ] [ DB ] INIT mysql
[ info ] [ LOG ] INIT File
[ sql ] [ DB ] CONNECT:[ UseTime:0.001854s ] mysql:host=127.0.0.1;dbname=p2pApp;charset=utf8
[ sql ] [ SQL ] SHOW COLUMNS FROM `p_order` [ RunTime:0.023332s ]
[ sql ] [ SQL ] SELECT * FROM `p_order` WHERE  `oid` = 1  AND `uid` = 1  AND `status` = 0 LIMIT 1 [ RunTime:0.000485s ]
---------------------------------------------------------------
[ 2017-12-04T20:17:33+08:00 ] 127.0.0.1 127.0.0.1 GET /index.php/index/payment/pay?pay=jQuery2110590327424839493_1512389853418&oid=1&uid=1&_=1512389853419
[ info ] www.mywebsitezhang.xin/index.php/index/payment/pay?pay=jQuery2110590327424839493_1512389853418&oid=1&uid=1&_=1512389853419 [运行时间：0.064777s][吞吐率：15.44req/s] [内存消耗：2,226.63kb] [文件加载：53]
[ info ] [ LANG ] D:\phpStudy\WWW\Practice-one\p2p\thinkphp\lang\zh-cn.php
[ info ] [ ROUTE ] array (
  'type' => 'module',
  'module' => 
  array (
    0 => 'index',
    1 => 'payment',
    2 => 'pay',
  ),
)
[ info ] [ HEADER ] array (
  'cookie' => 'UM_distinctid=160148e4ebb84-06e8c496e03a12-5948271d-1fa400-160148e4ebc823; tj_cid=36004ded-4d3c-2abd-aff8-ccc4c8d7a751; CNZZDATA1266198848=606247615-1512173359-%7C1512173359',
  'accept-language' => 'zh-CN,zh;q=0.8',
  'accept-encoding' => 'gzip, deflate',
  'referer' => 'http://127.0.0.1:8020/P2PApp/isPay.html',
  'accept' => '*/*',
  'user-agent' => 'Mozilla/5.0 (Windows NT 10.0; WOW64) AppleWebKit/537.36 (KHTML, like Gecko) Chrome/60.0.3112.78 Safari/537.36',
  'connection' => 'keep-alive',
  'host' => 'www.mywebsitezhang.xin',
  'content-length' => '',
  'content-type' => '',
)
[ info ] [ PARAM ] array (
  'pay' => 'jQuery2110590327424839493_1512389853418',
  'oid' => '1',
  'uid' => '1',
  '_' => '1512389853419',
)
[ info ] [ RUN ] app\index\controller\Payment->Pay[ D:\phpStudy\WWW\Practice-one\p2p\application\index\controller\Payment.php ]
[ info ] [ DB ] INIT mysql
[ info ] [ DB ] INIT mysql
[ info ] [ LOG ] INIT File
[ sql ] [ DB ] CONNECT:[ UseTime:0.001160s ] mysql:host=127.0.0.1;dbname=p2pApp;charset=utf8
[ sql ] [ SQL ] SHOW COLUMNS FROM `p_order` [ RunTime:0.024615s ]
[ sql ] [ SQL ] SELECT * FROM `p_order` WHERE  `oid` = 1  AND `uid` = 1  AND `status` = 0 LIMIT 1 [ RunTime:0.000621s ]
---------------------------------------------------------------
[ 2017-12-04T20:17:35+08:00 ] 127.0.0.1 127.0.0.1 GET /index.php/index/payment/payment?pay=jQuery2110590327424839493_1512389853418&oid=1&uid=1&pt=1&money=10&sid=3&_=1512389853420
[ info ] www.mywebsitezhang.xin/index.php/index/payment/payment?pay=jQuery2110590327424839493_1512389853418&oid=1&uid=1&pt=1&money=10&sid=3&_=1512389853420 [运行时间：0.039610s][吞吐率：25.25req/s] [内存消耗：2,211.94kb] [文件加载：54]
[ info ] [ LANG ] D:\phpStudy\WWW\Practice-one\p2p\thinkphp\lang\zh-cn.php
[ info ] [ ROUTE ] array (
  'type' => 'module',
  'module' => 
  array (
    0 => 'index',
    1 => 'payment',
    2 => 'payment',
  ),
)
[ info ] [ HEADER ] array (
  'cookie' => 'UM_distinctid=160148e4ebb84-06e8c496e03a12-5948271d-1fa400-160148e4ebc823; tj_cid=36004ded-4d3c-2abd-aff8-ccc4c8d7a751; CNZZDATA1266198848=606247615-1512173359-%7C1512173359',
  'accept-language' => 'zh-CN,zh;q=0.8',
  'accept-encoding' => 'gzip, deflate',
  'referer' => 'http://127.0.0.1:8020/P2PApp/isPay.html',
  'accept' => '*/*',
  'user-agent' => 'Mozilla/5.0 (Windows NT 10.0; WOW64) AppleWebKit/537.36 (KHTML, like Gecko) Chrome/60.0.3112.78 Safari/537.36',
  'connection' => 'keep-alive',
  'host' => 'www.mywebsitezhang.xin',
  'content-length' => '',
  'content-type' => '',
)
[ info ] [ PARAM ] array (
  'pay' => 'jQuery2110590327424839493_1512389853418',
  'oid' => '1',
  'uid' => '1',
  'pt' => '1',
  'money' => '10',
  'sid' => '3',
  '_' => '1512389853420',
)
[ info ] [ RUN ] app\index\controller\Payment->Payment[ D:\phpStudy\WWW\Practice-one\p2p\application\index\controller\Payment.php ]
[ info ] [ DB ] INIT mysql
[ info ] [ LOG ] INIT File
---------------------------------------------------------------
[ 2017-12-04T20:30:06+08:00 ] 127.0.0.1 127.0.0.1 GET /index.php/index/payment/pay?pay=jQuery21106668329755143401_1512390604230&oid=1&uid=1&_=1512390604231
[ info ] www.mywebsitezhang.xin/index.php/index/payment/pay?pay=jQuery21106668329755143401_1512390604230&oid=1&uid=1&_=1512390604231 [运行时间：1.535082s][吞吐率：0.65req/s] [内存消耗：2,226.63kb] [文件加载：53]
[ info ] [ LANG ] D:\phpStudy\WWW\Practice-one\p2p\thinkphp\lang\zh-cn.php
[ info ] [ ROUTE ] array (
  'type' => 'module',
  'module' => 
  array (
    0 => 'index',
    1 => 'payment',
    2 => 'pay',
  ),
)
[ info ] [ HEADER ] array (
  'cookie' => 'UM_distinctid=160148e4ebb84-06e8c496e03a12-5948271d-1fa400-160148e4ebc823; tj_cid=36004ded-4d3c-2abd-aff8-ccc4c8d7a751; CNZZDATA1266198848=606247615-1512173359-%7C1512173359',
  'accept-language' => 'zh-CN,zh;q=0.8',
  'accept-encoding' => 'gzip, deflate',
  'referer' => 'http://127.0.0.1:8020/P2PApp/isPay.html',
  'accept' => '*/*',
  'user-agent' => 'Mozilla/5.0 (Windows NT 10.0; WOW64) AppleWebKit/537.36 (KHTML, like Gecko) Chrome/60.0.3112.78 Safari/537.36',
  'connection' => 'keep-alive',
  'host' => 'www.mywebsitezhang.xin',
  'content-length' => '',
  'content-type' => '',
)
[ info ] [ PARAM ] array (
  'pay' => 'jQuery21106668329755143401_1512390604230',
  'oid' => '1',
  'uid' => '1',
  '_' => '1512390604231',
)
[ info ] [ RUN ] app\index\controller\Payment->Pay[ D:\phpStudy\WWW\Practice-one\p2p\application\index\controller\Payment.php ]
[ info ] [ DB ] INIT mysql
[ info ] [ DB ] INIT mysql
[ info ] [ LOG ] INIT File
[ sql ] [ DB ] CONNECT:[ UseTime:0.012452s ] mysql:host=127.0.0.1;dbname=p2pApp;charset=utf8
[ sql ] [ SQL ] SHOW COLUMNS FROM `p_order` [ RunTime:0.027362s ]
[ sql ] [ SQL ] SELECT * FROM `p_order` WHERE  `oid` = 1  AND `uid` = 1  AND `status` = 0 LIMIT 1 [ RunTime:0.000746s ]
---------------------------------------------------------------
[ 2017-12-04T20:30:07+08:00 ] 127.0.0.1 127.0.0.1 GET /index.php/index/payment/pay?pay=jQuery211021497427155378235_1512390607206&oid=1&uid=1&_=1512390607207
[ info ] www.mywebsitezhang.xin/index.php/index/payment/pay?pay=jQuery211021497427155378235_1512390607206&oid=1&uid=1&_=1512390607207 [运行时间：0.076749s][吞吐率：13.03req/s] [内存消耗：2,226.63kb] [文件加载：53]
[ info ] [ LANG ] D:\phpStudy\WWW\Practice-one\p2p\thinkphp\lang\zh-cn.php
[ info ] [ ROUTE ] array (
  'type' => 'module',
  'module' => 
  array (
    0 => 'index',
    1 => 'payment',
    2 => 'pay',
  ),
)
[ info ] [ HEADER ] array (
  'cookie' => 'UM_distinctid=160148e4ebb84-06e8c496e03a12-5948271d-1fa400-160148e4ebc823; tj_cid=36004ded-4d3c-2abd-aff8-ccc4c8d7a751; CNZZDATA1266198848=606247615-1512173359-%7C1512173359',
  'accept-language' => 'zh-CN,zh;q=0.8',
  'accept-encoding' => 'gzip, deflate',
  'referer' => 'http://127.0.0.1:8020/P2PApp/isPay.html',
  'accept' => '*/*',
  'user-agent' => 'Mozilla/5.0 (Windows NT 10.0; WOW64) AppleWebKit/537.36 (KHTML, like Gecko) Chrome/60.0.3112.78 Safari/537.36',
  'connection' => 'keep-alive',
  'host' => 'www.mywebsitezhang.xin',
  'content-length' => '',
  'content-type' => '',
)
[ info ] [ PARAM ] array (
  'pay' => 'jQuery211021497427155378235_1512390607206',
  'oid' => '1',
  'uid' => '1',
  '_' => '1512390607207',
)
[ info ] [ RUN ] app\index\controller\Payment->Pay[ D:\phpStudy\WWW\Practice-one\p2p\application\index\controller\Payment.php ]
[ info ] [ DB ] INIT mysql
[ info ] [ DB ] INIT mysql
[ info ] [ LOG ] INIT File
[ sql ] [ DB ] CONNECT:[ UseTime:0.000974s ] mysql:host=127.0.0.1;dbname=p2pApp;charset=utf8
[ sql ] [ SQL ] SHOW COLUMNS FROM `p_order` [ RunTime:0.029161s ]
[ sql ] [ SQL ] SELECT * FROM `p_order` WHERE  `oid` = 1  AND `uid` = 1  AND `status` = 0 LIMIT 1 [ RunTime:0.000474s ]
---------------------------------------------------------------
[ 2017-12-04T20:30:44+08:00 ] 127.0.0.1 127.0.0.1 GET /index.php/index/payment/payment?pay=jQuery211021497427155378235_1512390607206&oid=1&uid=1&pt=1&money=10&sid=3&_=1512390607208
[ info ] www.mywebsitezhang.xin/index.php/index/payment/payment?pay=jQuery211021497427155378235_1512390607206&oid=1&uid=1&pt=1&money=10&sid=3&_=1512390607208 [运行时间：0.149849s][吞吐率：6.67req/s] [内存消耗：2,211.94kb] [文件加载：54]
[ info ] [ LANG ] D:\phpStudy\WWW\Practice-one\p2p\thinkphp\lang\zh-cn.php
[ info ] [ ROUTE ] array (
  'type' => 'module',
  'module' => 
  array (
    0 => 'index',
    1 => 'payment',
    2 => 'payment',
  ),
)
[ info ] [ HEADER ] array (
  'cookie' => 'UM_distinctid=160148e4ebb84-06e8c496e03a12-5948271d-1fa400-160148e4ebc823; tj_cid=36004ded-4d3c-2abd-aff8-ccc4c8d7a751; CNZZDATA1266198848=606247615-1512173359-%7C1512173359',
  'accept-language' => 'zh-CN,zh;q=0.8',
  'accept-encoding' => 'gzip, deflate',
  'referer' => 'http://127.0.0.1:8020/P2PApp/isPay.html',
  'accept' => '*/*',
  'user-agent' => 'Mozilla/5.0 (Windows NT 10.0; WOW64) AppleWebKit/537.36 (KHTML, like Gecko) Chrome/60.0.3112.78 Safari/537.36',
  'connection' => 'keep-alive',
  'host' => 'www.mywebsitezhang.xin',
  'content-length' => '',
  'content-type' => '',
)
[ info ] [ PARAM ] array (
  'pay' => 'jQuery211021497427155378235_1512390607206',
  'oid' => '1',
  'uid' => '1',
  'pt' => '1',
  'money' => '10',
  'sid' => '3',
  '_' => '1512390607208',
)
[ info ] [ RUN ] app\index\controller\Payment->Payment[ D:\phpStudy\WWW\Practice-one\p2p\application\index\controller\Payment.php ]
[ info ] [ DB ] INIT mysql
[ info ] [ LOG ] INIT File
---------------------------------------------------------------
[ 2017-12-04T20:30:48+08:00 ] 127.0.0.1 127.0.0.1 GET /index.php/index/payment/pay?pay=jQuery21109270751809521112_1512390648504&oid=1&uid=1&_=1512390648505
[ info ] www.mywebsitezhang.xin/index.php/index/payment/pay?pay=jQuery21109270751809521112_1512390648504&oid=1&uid=1&_=1512390648505 [运行时间：0.070804s][吞吐率：14.12req/s] [内存消耗：2,226.63kb] [文件加载：53]
[ info ] [ LANG ] D:\phpStudy\WWW\Practice-one\p2p\thinkphp\lang\zh-cn.php
[ info ] [ ROUTE ] array (
  'type' => 'module',
  'module' => 
  array (
    0 => 'index',
    1 => 'payment',
    2 => 'pay',
  ),
)
[ info ] [ HEADER ] array (
  'cookie' => 'UM_distinctid=160148e4ebb84-06e8c496e03a12-5948271d-1fa400-160148e4ebc823; tj_cid=36004ded-4d3c-2abd-aff8-ccc4c8d7a751; CNZZDATA1266198848=606247615-1512173359-%7C1512173359',
  'accept-language' => 'zh-CN,zh;q=0.8',
  'accept-encoding' => 'gzip, deflate',
  'referer' => 'http://127.0.0.1:8020/P2PApp/isPay.html',
  'accept' => '*/*',
  'user-agent' => 'Mozilla/5.0 (Windows NT 10.0; WOW64) AppleWebKit/537.36 (KHTML, like Gecko) Chrome/60.0.3112.78 Safari/537.36',
  'connection' => 'keep-alive',
  'host' => 'www.mywebsitezhang.xin',
  'content-length' => '',
  'content-type' => '',
)
[ info ] [ PARAM ] array (
  'pay' => 'jQuery21109270751809521112_1512390648504',
  'oid' => '1',
  'uid' => '1',
  '_' => '1512390648505',
)
[ info ] [ RUN ] app\index\controller\Payment->Pay[ D:\phpStudy\WWW\Practice-one\p2p\application\index\controller\Payment.php ]
[ info ] [ DB ] INIT mysql
[ info ] [ DB ] INIT mysql
[ info ] [ LOG ] INIT File
[ sql ] [ DB ] CONNECT:[ UseTime:0.001056s ] mysql:host=127.0.0.1;dbname=p2pApp;charset=utf8
[ sql ] [ SQL ] SHOW COLUMNS FROM `p_order` [ RunTime:0.027513s ]
[ sql ] [ SQL ] SELECT * FROM `p_order` WHERE  `oid` = 1  AND `uid` = 1  AND `status` = 0 LIMIT 1 [ RunTime:0.000599s ]
---------------------------------------------------------------
[ 2017-12-04T20:31:05+08:00 ] 127.0.0.1 127.0.0.1 GET /index.php/index/payment/pay?pay=jQuery211018276705548339223_1512390664809&oid=1&uid=1&_=1512390664810
[ info ] www.mywebsitezhang.xin/index.php/index/payment/pay?pay=jQuery211018276705548339223_1512390664809&oid=1&uid=1&_=1512390664810 [运行时间：0.062444s][吞吐率：16.01req/s] [内存消耗：2,226.63kb] [文件加载：53]
[ info ] [ LANG ] D:\phpStudy\WWW\Practice-one\p2p\thinkphp\lang\zh-cn.php
[ info ] [ ROUTE ] array (
  'type' => 'module',
  'module' => 
  array (
    0 => 'index',
    1 => 'payment',
    2 => 'pay',
  ),
)
[ info ] [ HEADER ] array (
  'cookie' => 'UM_distinctid=160148e4ebb84-06e8c496e03a12-5948271d-1fa400-160148e4ebc823; tj_cid=36004ded-4d3c-2abd-aff8-ccc4c8d7a751; CNZZDATA1266198848=606247615-1512173359-%7C1512173359',
  'accept-language' => 'zh-CN,zh;q=0.8',
  'accept-encoding' => 'gzip, deflate',
  'referer' => 'http://127.0.0.1:8020/P2PApp/isPay.html',
  'accept' => '*/*',
  'user-agent' => 'Mozilla/5.0 (Windows NT 10.0; WOW64) AppleWebKit/537.36 (KHTML, like Gecko) Chrome/60.0.3112.78 Safari/537.36',
  'connection' => 'keep-alive',
  'host' => 'www.mywebsitezhang.xin',
  'content-length' => '',
  'content-type' => '',
)
[ info ] [ PARAM ] array (
  'pay' => 'jQuery211018276705548339223_1512390664809',
  'oid' => '1',
  'uid' => '1',
  '_' => '1512390664810',
)
[ info ] [ RUN ] app\index\controller\Payment->Pay[ D:\phpStudy\WWW\Practice-one\p2p\application\index\controller\Payment.php ]
[ info ] [ DB ] INIT mysql
[ info ] [ DB ] INIT mysql
[ info ] [ LOG ] INIT File
[ sql ] [ DB ] CONNECT:[ UseTime:0.001340s ] mysql:host=127.0.0.1;dbname=p2pApp;charset=utf8
[ sql ] [ SQL ] SHOW COLUMNS FROM `p_order` [ RunTime:0.025288s ]
[ sql ] [ SQL ] SELECT * FROM `p_order` WHERE  `oid` = 1  AND `uid` = 1  AND `status` = 0 LIMIT 1 [ RunTime:0.000549s ]
---------------------------------------------------------------
[ 2017-12-04T20:31:06+08:00 ] 127.0.0.1 127.0.0.1 GET /index.php/index/payment/payment?pay=jQuery211018276705548339223_1512390664809&oid=1&uid=1&pt=0&money=1000&sid=3&_=1512390664811
[ info ] www.mywebsitezhang.xin/index.php/index/payment/payment?pay=jQuery211018276705548339223_1512390664809&oid=1&uid=1&pt=0&money=1000&sid=3&_=1512390664811 [运行时间：0.387489s][吞吐率：2.58req/s] [内存消耗：2,309.76kb] [文件加载：56]
[ info ] [ LANG ] D:\phpStudy\WWW\Practice-one\p2p\thinkphp\lang\zh-cn.php
[ info ] [ ROUTE ] array (
  'type' => 'module',
  'module' => 
  array (
    0 => 'index',
    1 => 'payment',
    2 => 'payment',
  ),
)
[ info ] [ HEADER ] array (
  'cookie' => 'UM_distinctid=160148e4ebb84-06e8c496e03a12-5948271d-1fa400-160148e4ebc823; tj_cid=36004ded-4d3c-2abd-aff8-ccc4c8d7a751; CNZZDATA1266198848=606247615-1512173359-%7C1512173359',
  'accept-language' => 'zh-CN,zh;q=0.8',
  'accept-encoding' => 'gzip, deflate',
  'referer' => 'http://127.0.0.1:8020/P2PApp/isPay.html',
  'accept' => '*/*',
  'user-agent' => 'Mozilla/5.0 (Windows NT 10.0; WOW64) AppleWebKit/537.36 (KHTML, like Gecko) Chrome/60.0.3112.78 Safari/537.36',
  'connection' => 'keep-alive',
  'host' => 'www.mywebsitezhang.xin',
  'content-length' => '',
  'content-type' => '',
)
[ info ] [ PARAM ] array (
  'pay' => 'jQuery211018276705548339223_1512390664809',
  'oid' => '1',
  'uid' => '1',
  'pt' => '0',
  'money' => '1000',
  'sid' => '3',
  '_' => '1512390664811',
)
[ info ] [ RUN ] app\index\controller\Payment->Payment[ D:\phpStudy\WWW\Practice-one\p2p\application\index\controller\Payment.php ]
[ info ] [ DB ] INIT mysql
[ info ] [ DB ] INIT mysql
[ info ] [ CACHE ] INIT File
[ info ] [ DB ] INIT mysql
[ info ] [ DB ] INIT mysql
[ info ] [ LOG ] INIT File
[ sql ] [ DB ] CONNECT:[ UseTime:0.000936s ] mysql:host=127.0.0.1;dbname=p2pApp;charset=utf8
[ sql ] [ SQL ] SHOW COLUMNS FROM `p_userinfo` [ RunTime:0.083861s ]
[ sql ] [ SQL ] SELECT `money` FROM `p_userinfo` WHERE  `uid` = 1 LIMIT 1 [ RunTime:0.015802s ]
[ sql ] [ SQL ] SHOW COLUMNS FROM `p_shop` [ RunTime:0.030015s ]
[ sql ] [ SQL ] SELECT `intermoney` FROM `p_shop` WHERE  `sid` = 3 LIMIT 1 [ RunTime:0.000514s ]
[ sql ] [ SQL ] UPDATE `p_shop`  SET `intermoney`=3320  WHERE  `sid` = 3 [ RunTime:0.000787s ]
[ sql ] [ SQL ] SHOW COLUMNS FROM `p_record` [ RunTime:0.016420s ]
[ sql ] [ SQL ] INSERT INTO `p_record` (`uid` , `mstatus` , `money` , `sid`) VALUES (1 , 3 , 1000 , 3) [ RunTime:0.036691s ]
[ sql ] [ DB ] CONNECT:[ UseTime:0.000990s ] mysql:host=127.0.0.1;dbname=p2pApp;charset=utf8
[ sql ] [ SQL ] SELECT `money` FROM `p_userinfo` WHERE  `uid` = 1 LIMIT 1 [ RunTime:0.000519s ]
[ sql ] [ SQL ] UPDATE `p_userinfo`  SET `money`=7590  WHERE  `uid` = 1 [ RunTime:0.029738s ]
[ sql ] [ DB ] CONNECT:[ UseTime:0.000867s ] mysql:host=127.0.0.1;dbname=p2pApp;charset=utf8
[ sql ] [ SQL ] SHOW COLUMNS FROM `p_order` [ RunTime:0.015955s ]
[ sql ] [ SQL ] SELECT * FROM `p_order` WHERE  `oid` = 1  AND `uid` = 1  AND `status` = 0 LIMIT 1 [ RunTime:0.000472s ]
[ sql ] [ SQL ] UPDATE `p_order`  SET `status`=1,`payType`=0  WHERE  `oid` = 1 [ RunTime:0.000360s ]
---------------------------------------------------------------
[ 2017-12-04T20:31:17+08:00 ] 127.0.0.1 127.0.0.1 GET /index.php/index/payment/pay?pay=jQuery21104553378703734403_1512390676907&oid=1&uid=1&_=1512390676908
[ info ] www.mywebsitezhang.xin/index.php/index/payment/pay?pay=jQuery21104553378703734403_1512390676907&oid=1&uid=1&_=1512390676908 [运行时间：0.074227s][吞吐率：13.47req/s] [内存消耗：2,226.63kb] [文件加载：53]
[ info ] [ LANG ] D:\phpStudy\WWW\Practice-one\p2p\thinkphp\lang\zh-cn.php
[ info ] [ ROUTE ] array (
  'type' => 'module',
  'module' => 
  array (
    0 => 'index',
    1 => 'payment',
    2 => 'pay',
  ),
)
[ info ] [ HEADER ] array (
  'cookie' => 'UM_distinctid=160148e4ebb84-06e8c496e03a12-5948271d-1fa400-160148e4ebc823; tj_cid=36004ded-4d3c-2abd-aff8-ccc4c8d7a751; CNZZDATA1266198848=606247615-1512173359-%7C1512173359',
  'accept-language' => 'zh-CN,zh;q=0.8',
  'accept-encoding' => 'gzip, deflate',
  'referer' => 'http://127.0.0.1:8020/P2PApp/isPay.html',
  'accept' => '*/*',
  'user-agent' => 'Mozilla/5.0 (Windows NT 10.0; WOW64) AppleWebKit/537.36 (KHTML, like Gecko) Chrome/60.0.3112.78 Safari/537.36',
  'connection' => 'keep-alive',
  'host' => 'www.mywebsitezhang.xin',
  'content-length' => '',
  'content-type' => '',
)
[ info ] [ PARAM ] array (
  'pay' => 'jQuery21104553378703734403_1512390676907',
  'oid' => '1',
  'uid' => '1',
  '_' => '1512390676908',
)
[ info ] [ RUN ] app\index\controller\Payment->Pay[ D:\phpStudy\WWW\Practice-one\p2p\application\index\controller\Payment.php ]
[ info ] [ DB ] INIT mysql
[ info ] [ DB ] INIT mysql
[ info ] [ LOG ] INIT File
[ sql ] [ DB ] CONNECT:[ UseTime:0.001576s ] mysql:host=127.0.0.1;dbname=p2pApp;charset=utf8
[ sql ] [ SQL ] SHOW COLUMNS FROM `p_order` [ RunTime:0.030843s ]
[ sql ] [ SQL ] SELECT * FROM `p_order` WHERE  `oid` = 1  AND `uid` = 1  AND `status` = 0 LIMIT 1 [ RunTime:0.000699s ]
---------------------------------------------------------------
[ 2017-12-04T20:31:21+08:00 ] 127.0.0.1 127.0.0.1 GET /index.php/index/payment/payment?pay=jQuery21104553378703734403_1512390676907&oid=1&uid=1&pt=1&money=1000&sid=3&_=1512390676909
[ info ] www.mywebsitezhang.xin/index.php/index/payment/payment?pay=jQuery21104553378703734403_1512390676907&oid=1&uid=1&pt=1&money=1000&sid=3&_=1512390676909 [运行时间：0.036699s][吞吐率：27.25req/s] [内存消耗：2,211.94kb] [文件加载：54]
[ info ] [ LANG ] D:\phpStudy\WWW\Practice-one\p2p\thinkphp\lang\zh-cn.php
[ info ] [ ROUTE ] array (
  'type' => 'module',
  'module' => 
  array (
    0 => 'index',
    1 => 'payment',
    2 => 'payment',
  ),
)
[ info ] [ HEADER ] array (
  'cookie' => 'UM_distinctid=160148e4ebb84-06e8c496e03a12-5948271d-1fa400-160148e4ebc823; tj_cid=36004ded-4d3c-2abd-aff8-ccc4c8d7a751; CNZZDATA1266198848=606247615-1512173359-%7C1512173359',
  'accept-language' => 'zh-CN,zh;q=0.8',
  'accept-encoding' => 'gzip, deflate',
  'referer' => 'http://127.0.0.1:8020/P2PApp/isPay.html',
  'accept' => '*/*',
  'user-agent' => 'Mozilla/5.0 (Windows NT 10.0; WOW64) AppleWebKit/537.36 (KHTML, like Gecko) Chrome/60.0.3112.78 Safari/537.36',
  'connection' => 'keep-alive',
  'host' => 'www.mywebsitezhang.xin',
  'content-length' => '',
  'content-type' => '',
)
[ info ] [ PARAM ] array (
  'pay' => 'jQuery21104553378703734403_1512390676907',
  'oid' => '1',
  'uid' => '1',
  'pt' => '1',
  'money' => '1000',
  'sid' => '3',
  '_' => '1512390676909',
)
[ info ] [ RUN ] app\index\controller\Payment->Payment[ D:\phpStudy\WWW\Practice-one\p2p\application\index\controller\Payment.php ]
[ info ] [ DB ] INIT mysql
[ info ] [ LOG ] INIT File
---------------------------------------------------------------
[ 2017-12-04T20:31:25+08:00 ] 127.0.0.1 127.0.0.1 GET /index.php/index/payment/pay?pay=jQuery21107222363471542481_1512390685627&oid=1&uid=1&_=1512390685628
[ info ] www.mywebsitezhang.xin/index.php/index/payment/pay?pay=jQuery21107222363471542481_1512390685627&oid=1&uid=1&_=1512390685628 [运行时间：0.074166s][吞吐率：13.48req/s] [内存消耗：2,226.63kb] [文件加载：53]
[ info ] [ LANG ] D:\phpStudy\WWW\Practice-one\p2p\thinkphp\lang\zh-cn.php
[ info ] [ ROUTE ] array (
  'type' => 'module',
  'module' => 
  array (
    0 => 'index',
    1 => 'payment',
    2 => 'pay',
  ),
)
[ info ] [ HEADER ] array (
  'cookie' => 'UM_distinctid=160148e4ebb84-06e8c496e03a12-5948271d-1fa400-160148e4ebc823; tj_cid=36004ded-4d3c-2abd-aff8-ccc4c8d7a751; CNZZDATA1266198848=606247615-1512173359-%7C1512173359',
  'accept-language' => 'zh-CN,zh;q=0.8',
  'accept-encoding' => 'gzip, deflate',
  'referer' => 'http://127.0.0.1:8020/P2PApp/isPay.html',
  'accept' => '*/*',
  'user-agent' => 'Mozilla/5.0 (Windows NT 10.0; WOW64) AppleWebKit/537.36 (KHTML, like Gecko) Chrome/60.0.3112.78 Safari/537.36',
  'connection' => 'keep-alive',
  'host' => 'www.mywebsitezhang.xin',
  'content-length' => '',
  'content-type' => '',
)
[ info ] [ PARAM ] array (
  'pay' => 'jQuery21107222363471542481_1512390685627',
  'oid' => '1',
  'uid' => '1',
  '_' => '1512390685628',
)
[ info ] [ RUN ] app\index\controller\Payment->Pay[ D:\phpStudy\WWW\Practice-one\p2p\application\index\controller\Payment.php ]
[ info ] [ DB ] INIT mysql
[ info ] [ DB ] INIT mysql
[ info ] [ LOG ] INIT File
[ sql ] [ DB ] CONNECT:[ UseTime:0.001222s ] mysql:host=127.0.0.1;dbname=p2pApp;charset=utf8
[ sql ] [ SQL ] SHOW COLUMNS FROM `p_order` [ RunTime:0.029664s ]
[ sql ] [ SQL ] SELECT * FROM `p_order` WHERE  `oid` = 1  AND `uid` = 1  AND `status` = 0 LIMIT 1 [ RunTime:0.001282s ]
---------------------------------------------------------------
[ 2017-12-04T20:31:28+08:00 ] 127.0.0.1 127.0.0.1 GET /index.php/index/payment/pay?pay=jQuery211030221284489541755_1512390688026&oid=1&uid=1&_=1512390688027
[ info ] www.mywebsitezhang.xin/index.php/index/payment/pay?pay=jQuery211030221284489541755_1512390688026&oid=1&uid=1&_=1512390688027 [运行时间：0.073437s][吞吐率：13.62req/s] [内存消耗：2,226.63kb] [文件加载：53]
[ info ] [ LANG ] D:\phpStudy\WWW\Practice-one\p2p\thinkphp\lang\zh-cn.php
[ info ] [ ROUTE ] array (
  'type' => 'module',
  'module' => 
  array (
    0 => 'index',
    1 => 'payment',
    2 => 'pay',
  ),
)
[ info ] [ HEADER ] array (
  'cookie' => 'UM_distinctid=160148e4ebb84-06e8c496e03a12-5948271d-1fa400-160148e4ebc823; tj_cid=36004ded-4d3c-2abd-aff8-ccc4c8d7a751; CNZZDATA1266198848=606247615-1512173359-%7C1512173359',
  'accept-language' => 'zh-CN,zh;q=0.8',
  'accept-encoding' => 'gzip, deflate',
  'referer' => 'http://127.0.0.1:8020/P2PApp/isPay.html',
  'accept' => '*/*',
  'user-agent' => 'Mozilla/5.0 (Windows NT 10.0; WOW64) AppleWebKit/537.36 (KHTML, like Gecko) Chrome/60.0.3112.78 Safari/537.36',
  'connection' => 'keep-alive',
  'host' => 'www.mywebsitezhang.xin',
  'content-length' => '',
  'content-type' => '',
)
[ info ] [ PARAM ] array (
  'pay' => 'jQuery211030221284489541755_1512390688026',
  'oid' => '1',
  'uid' => '1',
  '_' => '1512390688027',
)
[ info ] [ RUN ] app\index\controller\Payment->Pay[ D:\phpStudy\WWW\Practice-one\p2p\application\index\controller\Payment.php ]
[ info ] [ DB ] INIT mysql
[ info ] [ DB ] INIT mysql
[ info ] [ LOG ] INIT File
[ sql ] [ DB ] CONNECT:[ UseTime:0.002383s ] mysql:host=127.0.0.1;dbname=p2pApp;charset=utf8
[ sql ] [ SQL ] SHOW COLUMNS FROM `p_order` [ RunTime:0.024013s ]
[ sql ] [ SQL ] SELECT * FROM `p_order` WHERE  `oid` = 1  AND `uid` = 1  AND `status` = 0 LIMIT 1 [ RunTime:0.000661s ]
---------------------------------------------------------------
[ 2017-12-04T20:31:28+08:00 ] 127.0.0.1 127.0.0.1 GET /index.php/index/payment/pay?pay=jQuery21103013701013410799_1512390688230&oid=1&uid=1&_=1512390688231
[ info ] www.mywebsitezhang.xin/index.php/index/payment/pay?pay=jQuery21103013701013410799_1512390688230&oid=1&uid=1&_=1512390688231 [运行时间：0.067558s][吞吐率：14.80req/s] [内存消耗：2,226.63kb] [文件加载：53]
[ info ] [ LANG ] D:\phpStudy\WWW\Practice-one\p2p\thinkphp\lang\zh-cn.php
[ info ] [ ROUTE ] array (
  'type' => 'module',
  'module' => 
  array (
    0 => 'index',
    1 => 'payment',
    2 => 'pay',
  ),
)
[ info ] [ HEADER ] array (
  'cookie' => 'UM_distinctid=160148e4ebb84-06e8c496e03a12-5948271d-1fa400-160148e4ebc823; tj_cid=36004ded-4d3c-2abd-aff8-ccc4c8d7a751; CNZZDATA1266198848=606247615-1512173359-%7C1512173359',
  'accept-language' => 'zh-CN,zh;q=0.8',
  'accept-encoding' => 'gzip, deflate',
  'referer' => 'http://127.0.0.1:8020/P2PApp/isPay.html',
  'accept' => '*/*',
  'user-agent' => 'Mozilla/5.0 (Windows NT 10.0; WOW64) AppleWebKit/537.36 (KHTML, like Gecko) Chrome/60.0.3112.78 Safari/537.36',
  'connection' => 'keep-alive',
  'host' => 'www.mywebsitezhang.xin',
  'content-length' => '',
  'content-type' => '',
)
[ info ] [ PARAM ] array (
  'pay' => 'jQuery21103013701013410799_1512390688230',
  'oid' => '1',
  'uid' => '1',
  '_' => '1512390688231',
)
[ info ] [ RUN ] app\index\controller\Payment->Pay[ D:\phpStudy\WWW\Practice-one\p2p\application\index\controller\Payment.php ]
[ info ] [ DB ] INIT mysql
[ info ] [ DB ] INIT mysql
[ info ] [ LOG ] INIT File
[ sql ] [ DB ] CONNECT:[ UseTime:0.000933s ] mysql:host=127.0.0.1;dbname=p2pApp;charset=utf8
[ sql ] [ SQL ] SHOW COLUMNS FROM `p_order` [ RunTime:0.017516s ]
[ sql ] [ SQL ] SELECT * FROM `p_order` WHERE  `oid` = 1  AND `uid` = 1  AND `status` = 0 LIMIT 1 [ RunTime:0.000749s ]
---------------------------------------------------------------
[ 2017-12-04T20:31:28+08:00 ] 127.0.0.1 127.0.0.1 GET /index.php/index/payment/pay?pay=jQuery21103902676038198345_1512390688493&oid=1&uid=1&_=1512390688494
[ info ] www.mywebsitezhang.xin/index.php/index/payment/pay?pay=jQuery21103902676038198345_1512390688493&oid=1&uid=1&_=1512390688494 [运行时间：0.063189s][吞吐率：15.83req/s] [内存消耗：2,226.63kb] [文件加载：53]
[ info ] [ LANG ] D:\phpStudy\WWW\Practice-one\p2p\thinkphp\lang\zh-cn.php
[ info ] [ ROUTE ] array (
  'type' => 'module',
  'module' => 
  array (
    0 => 'index',
    1 => 'payment',
    2 => 'pay',
  ),
)
[ info ] [ HEADER ] array (
  'cookie' => 'UM_distinctid=160148e4ebb84-06e8c496e03a12-5948271d-1fa400-160148e4ebc823; tj_cid=36004ded-4d3c-2abd-aff8-ccc4c8d7a751; CNZZDATA1266198848=606247615-1512173359-%7C1512173359',
  'accept-language' => 'zh-CN,zh;q=0.8',
  'accept-encoding' => 'gzip, deflate',
  'referer' => 'http://127.0.0.1:8020/P2PApp/isPay.html',
  'accept' => '*/*',
  'user-agent' => 'Mozilla/5.0 (Windows NT 10.0; WOW64) AppleWebKit/537.36 (KHTML, like Gecko) Chrome/60.0.3112.78 Safari/537.36',
  'connection' => 'keep-alive',
  'host' => 'www.mywebsitezhang.xin',
  'content-length' => '',
  'content-type' => '',
)
[ info ] [ PARAM ] array (
  'pay' => 'jQuery21103902676038198345_1512390688493',
  'oid' => '1',
  'uid' => '1',
  '_' => '1512390688494',
)
[ info ] [ RUN ] app\index\controller\Payment->Pay[ D:\phpStudy\WWW\Practice-one\p2p\application\index\controller\Payment.php ]
[ info ] [ DB ] INIT mysql
[ info ] [ DB ] INIT mysql
[ info ] [ LOG ] INIT File
[ sql ] [ DB ] CONNECT:[ UseTime:0.001166s ] mysql:host=127.0.0.1;dbname=p2pApp;charset=utf8
[ sql ] [ SQL ] SHOW COLUMNS FROM `p_order` [ RunTime:0.017031s ]
[ sql ] [ SQL ] SELECT * FROM `p_order` WHERE  `oid` = 1  AND `uid` = 1  AND `status` = 0 LIMIT 1 [ RunTime:0.000791s ]
---------------------------------------------------------------
[ 2017-12-04T20:31:28+08:00 ] 127.0.0.1 127.0.0.1 GET /index.php/index/payment/pay?pay=jQuery21106458857154911644_1512390688667&oid=1&uid=1&_=1512390688668
[ info ] www.mywebsitezhang.xin/index.php/index/payment/pay?pay=jQuery21106458857154911644_1512390688667&oid=1&uid=1&_=1512390688668 [运行时间：0.053786s][吞吐率：18.59req/s] [内存消耗：2,226.63kb] [文件加载：53]
[ info ] [ LANG ] D:\phpStudy\WWW\Practice-one\p2p\thinkphp\lang\zh-cn.php
[ info ] [ ROUTE ] array (
  'type' => 'module',
  'module' => 
  array (
    0 => 'index',
    1 => 'payment',
    2 => 'pay',
  ),
)
[ info ] [ HEADER ] array (
  'cookie' => 'UM_distinctid=160148e4ebb84-06e8c496e03a12-5948271d-1fa400-160148e4ebc823; tj_cid=36004ded-4d3c-2abd-aff8-ccc4c8d7a751; CNZZDATA1266198848=606247615-1512173359-%7C1512173359',
  'accept-language' => 'zh-CN,zh;q=0.8',
  'accept-encoding' => 'gzip, deflate',
  'referer' => 'http://127.0.0.1:8020/P2PApp/isPay.html',
  'accept' => '*/*',
  'user-agent' => 'Mozilla/5.0 (Windows NT 10.0; WOW64) AppleWebKit/537.36 (KHTML, like Gecko) Chrome/60.0.3112.78 Safari/537.36',
  'connection' => 'keep-alive',
  'host' => 'www.mywebsitezhang.xin',
  'content-length' => '',
  'content-type' => '',
)
[ info ] [ PARAM ] array (
  'pay' => 'jQuery21106458857154911644_1512390688667',
  'oid' => '1',
  'uid' => '1',
  '_' => '1512390688668',
)
[ info ] [ RUN ] app\index\controller\Payment->Pay[ D:\phpStudy\WWW\Practice-one\p2p\application\index\controller\Payment.php ]
[ info ] [ DB ] INIT mysql
[ info ] [ DB ] INIT mysql
[ info ] [ LOG ] INIT File
[ sql ] [ DB ] CONNECT:[ UseTime:0.001157s ] mysql:host=127.0.0.1;dbname=p2pApp;charset=utf8
[ sql ] [ SQL ] SHOW COLUMNS FROM `p_order` [ RunTime:0.014483s ]
[ sql ] [ SQL ] SELECT * FROM `p_order` WHERE  `oid` = 1  AND `uid` = 1  AND `status` = 0 LIMIT 1 [ RunTime:0.000570s ]
---------------------------------------------------------------
[ 2017-12-04T20:52:48+08:00 ] 127.0.0.1 127.0.0.1 GET /index.php/index/payment/pay
[ info ] www.mywebsitezhang.xin/index.php/index/payment/pay [运行时间：1.066016s][吞吐率：0.94req/s] [内存消耗：2,224.97kb] [文件加载：53]
[ info ] [ LANG ] D:\phpStudy\WWW\Practice-one\p2p\thinkphp\lang\zh-cn.php
[ info ] [ ROUTE ] array (
  'type' => 'module',
  'module' => 
  array (
    0 => 'index',
    1 => 'payment',
    2 => 'pay',
  ),
)
[ info ] [ HEADER ] array (
  'cookie' => 'UM_distinctid=160148e4ebb84-06e8c496e03a12-5948271d-1fa400-160148e4ebc823; tj_cid=36004ded-4d3c-2abd-aff8-ccc4c8d7a751; CNZZDATA1266198848=606247615-1512173359-%7C1512173359',
  'accept-language' => 'zh-CN,zh;q=0.8',
  'accept-encoding' => 'gzip, deflate',
  'accept' => 'text/html,application/xhtml+xml,application/xml;q=0.9,image/webp,image/apng,*/*;q=0.8',
  'user-agent' => 'Mozilla/5.0 (Windows NT 10.0; WOW64) AppleWebKit/537.36 (KHTML, like Gecko) Chrome/60.0.3112.78 Safari/537.36',
  'upgrade-insecure-requests' => '1',
  'connection' => 'keep-alive',
  'host' => 'www.mywebsitezhang.xin',
  'content-length' => '',
  'content-type' => '',
)
[ info ] [ PARAM ] array (
)
[ info ] [ RUN ] app\index\controller\Payment->Pay[ D:\phpStudy\WWW\Practice-one\p2p\application\index\controller\Payment.php ]
[ info ] [ DB ] INIT mysql
[ info ] [ DB ] INIT mysql
[ info ] [ LOG ] INIT File
[ sql ] [ DB ] CONNECT:[ UseTime:0.013005s ] mysql:host=127.0.0.1;dbname=p2pApp;charset=utf8
[ sql ] [ SQL ] SHOW COLUMNS FROM `p_order` [ RunTime:0.021654s ]
[ sql ] [ SQL ] SELECT * FROM `p_order` WHERE  `oid` IS NULL  AND `uid` IS NULL  AND `status` = 0 LIMIT 1 [ RunTime:0.000885s ]
---------------------------------------------------------------
[ 2017-12-04T20:53:32+08:00 ] 127.0.0.1 127.0.0.1 GET /index.php/index/payment/pay
[ info ] www.mywebsitezhang.xin/index.php/index/payment/pay [运行时间：0.061009s][吞吐率：16.39req/s] [内存消耗：2,225.03kb] [文件加载：53]
[ info ] [ LANG ] D:\phpStudy\WWW\Practice-one\p2p\thinkphp\lang\zh-cn.php
[ info ] [ ROUTE ] array (
  'type' => 'module',
  'module' => 
  array (
    0 => 'index',
    1 => 'payment',
    2 => 'pay',
  ),
)
[ info ] [ HEADER ] array (
  'cookie' => 'UM_distinctid=160148e4ebb84-06e8c496e03a12-5948271d-1fa400-160148e4ebc823; tj_cid=36004ded-4d3c-2abd-aff8-ccc4c8d7a751; CNZZDATA1266198848=606247615-1512173359-%7C1512173359',
  'accept-language' => 'zh-CN,zh;q=0.8',
  'accept-encoding' => 'gzip, deflate',
  'accept' => 'text/html,application/xhtml+xml,application/xml;q=0.9,image/webp,image/apng,*/*;q=0.8',
  'user-agent' => 'Mozilla/5.0 (Windows NT 10.0; WOW64) AppleWebKit/537.36 (KHTML, like Gecko) Chrome/60.0.3112.78 Safari/537.36',
  'upgrade-insecure-requests' => '1',
  'cache-control' => 'max-age=0',
  'connection' => 'keep-alive',
  'host' => 'www.mywebsitezhang.xin',
  'content-length' => '',
  'content-type' => '',
)
[ info ] [ PARAM ] array (
)
[ info ] [ RUN ] app\index\controller\Payment->Pay[ D:\phpStudy\WWW\Practice-one\p2p\application\index\controller\Payment.php ]
[ info ] [ DB ] INIT mysql
[ info ] [ DB ] INIT mysql
[ info ] [ LOG ] INIT File
[ sql ] [ DB ] CONNECT:[ UseTime:0.001335s ] mysql:host=127.0.0.1;dbname=p2pApp;charset=utf8
[ sql ] [ SQL ] SHOW COLUMNS FROM `p_order` [ RunTime:0.020244s ]
[ sql ] [ SQL ] SELECT * FROM `p_order` WHERE  `oid` IS NULL  AND `uid` IS NULL  AND `status` = 0 LIMIT 1 [ RunTime:0.000547s ]
---------------------------------------------------------------
[ 2017-12-04T20:56:40+08:00 ] 127.0.0.1 127.0.0.1 GET /index.php/index/payment/pay
[ info ] www.mywebsitezhang.xin/index.php/index/payment/pay [运行时间：0.057961s][吞吐率：17.25req/s] [内存消耗：2,224.97kb] [文件加载：53]
[ info ] [ LANG ] D:\phpStudy\WWW\Practice-one\p2p\thinkphp\lang\zh-cn.php
[ info ] [ ROUTE ] array (
  'type' => 'module',
  'module' => 
  array (
    0 => 'index',
    1 => 'payment',
    2 => 'pay',
  ),
)
[ info ] [ HEADER ] array (
  'cookie' => 'UM_distinctid=160148e4ebb84-06e8c496e03a12-5948271d-1fa400-160148e4ebc823; tj_cid=36004ded-4d3c-2abd-aff8-ccc4c8d7a751; CNZZDATA1266198848=606247615-1512173359-%7C1512173359',
  'accept-language' => 'zh-CN,zh;q=0.8',
  'accept-encoding' => 'gzip, deflate',
  'accept' => 'text/html,application/xhtml+xml,application/xml;q=0.9,image/webp,image/apng,*/*;q=0.8',
  'user-agent' => 'Mozilla/5.0 (Windows NT 10.0; WOW64) AppleWebKit/537.36 (KHTML, like Gecko) Chrome/60.0.3112.78 Safari/537.36',
  'upgrade-insecure-requests' => '1',
  'connection' => 'keep-alive',
  'host' => 'www.mywebsitezhang.xin',
  'content-length' => '',
  'content-type' => '',
)
[ info ] [ PARAM ] array (
)
[ info ] [ RUN ] app\index\controller\Payment->Pay[ D:\phpStudy\WWW\Practice-one\p2p\application\index\controller\Payment.php ]
[ info ] [ DB ] INIT mysql
[ info ] [ DB ] INIT mysql
[ info ] [ LOG ] INIT File
[ sql ] [ DB ] CONNECT:[ UseTime:0.001387s ] mysql:host=127.0.0.1;dbname=p2pApp;charset=utf8
[ sql ] [ SQL ] SHOW COLUMNS FROM `p_order` [ RunTime:0.020017s ]
[ sql ] [ SQL ] SELECT * FROM `p_order` WHERE  `oid` IS NULL  AND `uid` IS NULL  AND `status` = 0 LIMIT 1 [ RunTime:0.000479s ]
---------------------------------------------------------------
[ 2017-12-04T20:57:05+08:00 ] 127.0.0.1 127.0.0.1 GET /index.php/index/payment/pay?pay=jQuery21103335373272721418_1512392225132&oid=1&uid=1&_=1512392225133
[ info ] www.mywebsitezhang.xin/index.php/index/payment/pay?pay=jQuery21103335373272721418_1512392225132&oid=1&uid=1&_=1512392225133 [运行时间：0.060122s][吞吐率：16.63req/s] [内存消耗：2,226.63kb] [文件加载：53]
[ info ] [ LANG ] D:\phpStudy\WWW\Practice-one\p2p\thinkphp\lang\zh-cn.php
[ info ] [ ROUTE ] array (
  'type' => 'module',
  'module' => 
  array (
    0 => 'index',
    1 => 'payment',
    2 => 'pay',
  ),
)
[ info ] [ HEADER ] array (
  'cookie' => 'UM_distinctid=160148e4ebb84-06e8c496e03a12-5948271d-1fa400-160148e4ebc823; tj_cid=36004ded-4d3c-2abd-aff8-ccc4c8d7a751; CNZZDATA1266198848=606247615-1512173359-%7C1512173359',
  'accept-language' => 'zh-CN,zh;q=0.8',
  'accept-encoding' => 'gzip, deflate',
  'referer' => 'http://127.0.0.1:8020/P2PApp/isPay.html',
  'accept' => '*/*',
  'user-agent' => 'Mozilla/5.0 (Windows NT 10.0; WOW64) AppleWebKit/537.36 (KHTML, like Gecko) Chrome/60.0.3112.78 Safari/537.36',
  'connection' => 'keep-alive',
  'host' => 'www.mywebsitezhang.xin',
  'content-length' => '',
  'content-type' => '',
)
[ info ] [ PARAM ] array (
  'pay' => 'jQuery21103335373272721418_1512392225132',
  'oid' => '1',
  'uid' => '1',
  '_' => '1512392225133',
)
[ info ] [ RUN ] app\index\controller\Payment->Pay[ D:\phpStudy\WWW\Practice-one\p2p\application\index\controller\Payment.php ]
[ info ] [ DB ] INIT mysql
[ info ] [ DB ] INIT mysql
[ info ] [ LOG ] INIT File
[ sql ] [ DB ] CONNECT:[ UseTime:0.001134s ] mysql:host=127.0.0.1;dbname=p2pApp;charset=utf8
[ sql ] [ SQL ] SHOW COLUMNS FROM `p_order` [ RunTime:0.023086s ]
[ sql ] [ SQL ] SELECT * FROM `p_order` WHERE  `oid` = 1  AND `uid` = 1  AND `status` = 0 LIMIT 1 [ RunTime:0.000621s ]
---------------------------------------------------------------
[ 2017-12-04T20:57:08+08:00 ] 127.0.0.1 127.0.0.1 GET /index.php/index/payment/payment?pay=jQuery21103335373272721418_1512392225132&oid=1&uid=1&pt=3&money=0.01&sid=3&_=1512392225134
[ info ] www.mywebsitezhang.xin/index.php/index/payment/payment?pay=jQuery21103335373272721418_1512392225132&oid=1&uid=1&pt=3&money=0.01&sid=3&_=1512392225134 [运行时间：0.112154s][吞吐率：8.92req/s] [内存消耗：1,403.74kb] [文件加载：47]
[ info ] [ LANG ] D:\phpStudy\WWW\Practice-one\p2p\thinkphp\lang\zh-cn.php
[ info ] [ ROUTE ] array (
  'type' => 'module',
  'module' => 
  array (
    0 => 'index',
    1 => 'payment',
    2 => 'payment',
  ),
)
[ info ] [ HEADER ] array (
  'cookie' => 'UM_distinctid=160148e4ebb84-06e8c496e03a12-5948271d-1fa400-160148e4ebc823; tj_cid=36004ded-4d3c-2abd-aff8-ccc4c8d7a751; CNZZDATA1266198848=606247615-1512173359-%7C1512173359',
  'accept-language' => 'zh-CN,zh;q=0.8',
  'accept-encoding' => 'gzip, deflate',
  'referer' => 'http://127.0.0.1:8020/P2PApp/isPay.html',
  'accept' => '*/*',
  'user-agent' => 'Mozilla/5.0 (Windows NT 10.0; WOW64) AppleWebKit/537.36 (KHTML, like Gecko) Chrome/60.0.3112.78 Safari/537.36',
  'connection' => 'keep-alive',
  'host' => 'www.mywebsitezhang.xin',
  'content-length' => '',
  'content-type' => '',
)
[ info ] [ PARAM ] array (
  'pay' => 'jQuery21103335373272721418_1512392225132',
  'oid' => '1',
  'uid' => '1',
  'pt' => '3',
  'money' => '0.01',
  'sid' => '3',
  '_' => '1512392225134',
)
[ info ] [ RUN ] app\index\controller\Payment->Payment[ D:\phpStudy\WWW\Practice-one\p2p\application\index\controller\Payment.php ]
[ info ] [ LOG ] INIT File
[ error ] [8]未定义变量: msg[D:\phpStudy\WWW\Practice-one\p2p\application\index\controller\Payment.php:54]
---------------------------------------------------------------
[ 2017-12-04T20:57:14+08:00 ] 127.0.0.1 127.0.0.1 GET /index.php/index/payment/pay?pay=jQuery21109603223422152865_1512392233873&oid=1&uid=1&_=1512392233874
[ info ] www.mywebsitezhang.xin/index.php/index/payment/pay?pay=jQuery21109603223422152865_1512392233873&oid=1&uid=1&_=1512392233874 [运行时间：0.063655s][吞吐率：15.71req/s] [内存消耗：2,227.15kb] [文件加载：53]
[ info ] [ LANG ] D:\phpStudy\WWW\Practice-one\p2p\thinkphp\lang\zh-cn.php
[ info ] [ ROUTE ] array (
  'type' => 'module',
  'module' => 
  array (
    0 => 'index',
    1 => 'payment',
    2 => 'pay',
  ),
)
[ info ] [ HEADER ] array (
  'cookie' => 'UM_distinctid=160148e4ebb84-06e8c496e03a12-5948271d-1fa400-160148e4ebc823; tj_cid=36004ded-4d3c-2abd-aff8-ccc4c8d7a751; CNZZDATA1266198848=606247615-1512173359-%7C1512173359',
  'accept-language' => 'zh-CN,zh;q=0.8',
  'accept-encoding' => 'gzip, deflate',
  'referer' => 'http://127.0.0.1:8020/P2PApp/isPay.html',
  'accept' => '*/*',
  'user-agent' => 'Mozilla/5.0 (Linux; Android 6.0; Nexus 5 Build/MRA58N) AppleWebKit/537.36 (KHTML, like Gecko) Chrome/60.0.3112.78 Mobile Safari/537.36',
  'cache-control' => 'no-cache',
  'pragma' => 'no-cache',
  'connection' => 'keep-alive',
  'host' => 'www.mywebsitezhang.xin',
  'content-length' => '',
  'content-type' => '',
)
[ info ] [ PARAM ] array (
  'pay' => 'jQuery21109603223422152865_1512392233873',
  'oid' => '1',
  'uid' => '1',
  '_' => '1512392233874',
)
[ info ] [ RUN ] app\index\controller\Payment->Pay[ D:\phpStudy\WWW\Practice-one\p2p\application\index\controller\Payment.php ]
[ info ] [ DB ] INIT mysql
[ info ] [ DB ] INIT mysql
[ info ] [ LOG ] INIT File
[ sql ] [ DB ] CONNECT:[ UseTime:0.001146s ] mysql:host=127.0.0.1;dbname=p2pApp;charset=utf8
[ sql ] [ SQL ] SHOW COLUMNS FROM `p_order` [ RunTime:0.022298s ]
[ sql ] [ SQL ] SELECT * FROM `p_order` WHERE  `oid` = 1  AND `uid` = 1  AND `status` = 0 LIMIT 1 [ RunTime:0.000787s ]
---------------------------------------------------------------
[ 2017-12-04T20:57:15+08:00 ] 127.0.0.1 127.0.0.1 GET /index.php/index/payment/payment?pay=jQuery21109603223422152865_1512392233873&oid=1&uid=1&pt=0&money=0.01&sid=3&_=1512392233875
[ info ] www.mywebsitezhang.xin/index.php/index/payment/payment?pay=jQuery21109603223422152865_1512392233873&oid=1&uid=1&pt=0&money=0.01&sid=3&_=1512392233875 [运行时间：0.321141s][吞吐率：3.11req/s] [内存消耗：2,310.03kb] [文件加载：56]
[ info ] [ LANG ] D:\phpStudy\WWW\Practice-one\p2p\thinkphp\lang\zh-cn.php
[ info ] [ ROUTE ] array (
  'type' => 'module',
  'module' => 
  array (
    0 => 'index',
    1 => 'payment',
    2 => 'payment',
  ),
)
[ info ] [ HEADER ] array (
  'cookie' => 'UM_distinctid=160148e4ebb84-06e8c496e03a12-5948271d-1fa400-160148e4ebc823; tj_cid=36004ded-4d3c-2abd-aff8-ccc4c8d7a751; CNZZDATA1266198848=606247615-1512173359-%7C1512173359',
  'accept-language' => 'zh-CN,zh;q=0.8',
  'accept-encoding' => 'gzip, deflate',
  'referer' => 'http://127.0.0.1:8020/P2PApp/isPay.html',
  'accept' => '*/*',
  'user-agent' => 'Mozilla/5.0 (Linux; Android 6.0; Nexus 5 Build/MRA58N) AppleWebKit/537.36 (KHTML, like Gecko) Chrome/60.0.3112.78 Mobile Safari/537.36',
  'cache-control' => 'no-cache',
  'pragma' => 'no-cache',
  'connection' => 'keep-alive',
  'host' => 'www.mywebsitezhang.xin',
  'content-length' => '',
  'content-type' => '',
)
[ info ] [ PARAM ] array (
  'pay' => 'jQuery21109603223422152865_1512392233873',
  'oid' => '1',
  'uid' => '1',
  'pt' => '0',
  'money' => '0.01',
  'sid' => '3',
  '_' => '1512392233875',
)
[ info ] [ RUN ] app\index\controller\Payment->Payment[ D:\phpStudy\WWW\Practice-one\p2p\application\index\controller\Payment.php ]
[ info ] [ DB ] INIT mysql
[ info ] [ DB ] INIT mysql
[ info ] [ CACHE ] INIT File
[ info ] [ DB ] INIT mysql
[ info ] [ DB ] INIT mysql
[ info ] [ LOG ] INIT File
[ sql ] [ DB ] CONNECT:[ UseTime:0.001127s ] mysql:host=127.0.0.1;dbname=p2pApp;charset=utf8
[ sql ] [ SQL ] SHOW COLUMNS FROM `p_userinfo` [ RunTime:0.098417s ]
[ sql ] [ SQL ] SELECT `money` FROM `p_userinfo` WHERE  `uid` = 1 LIMIT 1 [ RunTime:0.000802s ]
[ sql ] [ SQL ] SHOW COLUMNS FROM `p_shop` [ RunTime:0.015302s ]
[ sql ] [ SQL ] SELECT `intermoney` FROM `p_shop` WHERE  `sid` = 3 LIMIT 1 [ RunTime:0.000513s ]
[ sql ] [ SQL ] UPDATE `p_shop`  SET `intermoney`=3320.01  WHERE  `sid` = 3 [ RunTime:0.007444s ]
[ sql ] [ SQL ] SHOW COLUMNS FROM `p_record` [ RunTime:0.019558s ]
[ sql ] [ SQL ] INSERT INTO `p_record` (`uid` , `mstatus` , `money` , `sid`) VALUES (1 , 3 , 0.01 , 3) [ RunTime:0.030691s ]
[ sql ] [ DB ] CONNECT:[ UseTime:0.001377s ] mysql:host=127.0.0.1;dbname=p2pApp;charset=utf8
[ sql ] [ SQL ] SELECT `money` FROM `p_userinfo` WHERE  `uid` = 1 LIMIT 1 [ RunTime:0.000547s ]
[ sql ] [ SQL ] UPDATE `p_userinfo`  SET `money`=7589.99  WHERE  `uid` = 1 [ RunTime:0.020012s ]
[ sql ] [ DB ] CONNECT:[ UseTime:0.001542s ] mysql:host=127.0.0.1;dbname=p2pApp;charset=utf8
[ sql ] [ SQL ] SHOW COLUMNS FROM `p_order` [ RunTime:0.029364s ]
[ sql ] [ SQL ] SELECT * FROM `p_order` WHERE  `oid` = 1  AND `uid` = 1  AND `status` = 0 LIMIT 1 [ RunTime:0.000936s ]
[ sql ] [ SQL ] UPDATE `p_order`  SET `status`=1,`payType`=0  WHERE  `oid` = 1 [ RunTime:0.000810s ]
---------------------------------------------------------------
[ 2017-12-04T20:57:29+08:00 ] 127.0.0.1 127.0.0.1 GET /index.php/index/payment/pay?pay=jQuery21107063587945290164_1512392249085&oid=1&uid=1&_=1512392249086
[ info ] www.mywebsitezhang.xin/index.php/index/payment/pay?pay=jQuery21107063587945290164_1512392249085&oid=1&uid=1&_=1512392249086 [运行时间：0.057821s][吞吐率：17.29req/s] [内存消耗：2,227.15kb] [文件加载：53]
[ info ] [ LANG ] D:\phpStudy\WWW\Practice-one\p2p\thinkphp\lang\zh-cn.php
[ info ] [ ROUTE ] array (
  'type' => 'module',
  'module' => 
  array (
    0 => 'index',
    1 => 'payment',
    2 => 'pay',
  ),
)
[ info ] [ HEADER ] array (
  'cookie' => 'UM_distinctid=160148e4ebb84-06e8c496e03a12-5948271d-1fa400-160148e4ebc823; tj_cid=36004ded-4d3c-2abd-aff8-ccc4c8d7a751; CNZZDATA1266198848=606247615-1512173359-%7C1512173359',
  'accept-language' => 'zh-CN,zh;q=0.8',
  'accept-encoding' => 'gzip, deflate',
  'referer' => 'http://127.0.0.1:8020/P2PApp/isPay.html',
  'accept' => '*/*',
  'user-agent' => 'Mozilla/5.0 (Linux; Android 6.0; Nexus 5 Build/MRA58N) AppleWebKit/537.36 (KHTML, like Gecko) Chrome/60.0.3112.78 Mobile Safari/537.36',
  'cache-control' => 'no-cache',
  'pragma' => 'no-cache',
  'connection' => 'keep-alive',
  'host' => 'www.mywebsitezhang.xin',
  'content-length' => '',
  'content-type' => '',
)
[ info ] [ PARAM ] array (
  'pay' => 'jQuery21107063587945290164_1512392249085',
  'oid' => '1',
  'uid' => '1',
  '_' => '1512392249086',
)
[ info ] [ RUN ] app\index\controller\Payment->Pay[ D:\phpStudy\WWW\Practice-one\p2p\application\index\controller\Payment.php ]
[ info ] [ DB ] INIT mysql
[ info ] [ DB ] INIT mysql
[ info ] [ LOG ] INIT File
[ sql ] [ DB ] CONNECT:[ UseTime:0.001064s ] mysql:host=127.0.0.1;dbname=p2pApp;charset=utf8
[ sql ] [ SQL ] SHOW COLUMNS FROM `p_order` [ RunTime:0.021778s ]
[ sql ] [ SQL ] SELECT * FROM `p_order` WHERE  `oid` = 1  AND `uid` = 1  AND `status` = 0 LIMIT 1 [ RunTime:0.000449s ]
---------------------------------------------------------------
[ 2017-12-04T20:57:31+08:00 ] 127.0.0.1 127.0.0.1 GET /index.php/index/payment/payment?pay=jQuery21107063587945290164_1512392249085&oid=1&uid=1&pt=3&money=0.01&sid=3&_=1512392249087
[ info ] www.mywebsitezhang.xin/index.php/index/payment/payment?pay=jQuery21107063587945290164_1512392249085&oid=1&uid=1&pt=3&money=0.01&sid=3&_=1512392249087 [运行时间：0.027046s][吞吐率：36.97req/s] [内存消耗：1,404.02kb] [文件加载：47]
[ info ] [ LANG ] D:\phpStudy\WWW\Practice-one\p2p\thinkphp\lang\zh-cn.php
[ info ] [ ROUTE ] array (
  'type' => 'module',
  'module' => 
  array (
    0 => 'index',
    1 => 'payment',
    2 => 'payment',
  ),
)
[ info ] [ HEADER ] array (
  'cookie' => 'UM_distinctid=160148e4ebb84-06e8c496e03a12-5948271d-1fa400-160148e4ebc823; tj_cid=36004ded-4d3c-2abd-aff8-ccc4c8d7a751; CNZZDATA1266198848=606247615-1512173359-%7C1512173359',
  'accept-language' => 'zh-CN,zh;q=0.8',
  'accept-encoding' => 'gzip, deflate',
  'referer' => 'http://127.0.0.1:8020/P2PApp/isPay.html',
  'accept' => '*/*',
  'user-agent' => 'Mozilla/5.0 (Linux; Android 6.0; Nexus 5 Build/MRA58N) AppleWebKit/537.36 (KHTML, like Gecko) Chrome/60.0.3112.78 Mobile Safari/537.36',
  'cache-control' => 'no-cache',
  'pragma' => 'no-cache',
  'connection' => 'keep-alive',
  'host' => 'www.mywebsitezhang.xin',
  'content-length' => '',
  'content-type' => '',
)
[ info ] [ PARAM ] array (
  'pay' => 'jQuery21107063587945290164_1512392249085',
  'oid' => '1',
  'uid' => '1',
  'pt' => '3',
  'money' => '0.01',
  'sid' => '3',
  '_' => '1512392249087',
)
[ info ] [ RUN ] app\index\controller\Payment->Payment[ D:\phpStudy\WWW\Practice-one\p2p\application\index\controller\Payment.php ]
[ info ] [ LOG ] INIT File
[ error ] [8]未定义变量: msg[D:\phpStudy\WWW\Practice-one\p2p\application\index\controller\Payment.php:54]
---------------------------------------------------------------
[ 2017-12-04T20:57:32+08:00 ] 127.0.0.1 127.0.0.1 GET /index.php/index/payment/payment?pay=jQuery21107063587945290164_1512392249085&oid=1&uid=1&pt=3&money=0.01&sid=3&_=1512392249088
[ info ] www.mywebsitezhang.xin/index.php/index/payment/payment?pay=jQuery21107063587945290164_1512392249085&oid=1&uid=1&pt=3&money=0.01&sid=3&_=1512392249088 [运行时间：0.032804s][吞吐率：30.48req/s] [内存消耗：1,404.02kb] [文件加载：47]
[ info ] [ LANG ] D:\phpStudy\WWW\Practice-one\p2p\thinkphp\lang\zh-cn.php
[ info ] [ ROUTE ] array (
  'type' => 'module',
  'module' => 
  array (
    0 => 'index',
    1 => 'payment',
    2 => 'payment',
  ),
)
[ info ] [ HEADER ] array (
  'cookie' => 'UM_distinctid=160148e4ebb84-06e8c496e03a12-5948271d-1fa400-160148e4ebc823; tj_cid=36004ded-4d3c-2abd-aff8-ccc4c8d7a751; CNZZDATA1266198848=606247615-1512173359-%7C1512173359',
  'accept-language' => 'zh-CN,zh;q=0.8',
  'accept-encoding' => 'gzip, deflate',
  'referer' => 'http://127.0.0.1:8020/P2PApp/isPay.html',
  'accept' => '*/*',
  'user-agent' => 'Mozilla/5.0 (Linux; Android 6.0; Nexus 5 Build/MRA58N) AppleWebKit/537.36 (KHTML, like Gecko) Chrome/60.0.3112.78 Mobile Safari/537.36',
  'cache-control' => 'no-cache',
  'pragma' => 'no-cache',
  'connection' => 'keep-alive',
  'host' => 'www.mywebsitezhang.xin',
  'content-length' => '',
  'content-type' => '',
)
[ info ] [ PARAM ] array (
  'pay' => 'jQuery21107063587945290164_1512392249085',
  'oid' => '1',
  'uid' => '1',
  'pt' => '3',
  'money' => '0.01',
  'sid' => '3',
  '_' => '1512392249088',
)
[ info ] [ RUN ] app\index\controller\Payment->Payment[ D:\phpStudy\WWW\Practice-one\p2p\application\index\controller\Payment.php ]
[ info ] [ LOG ] INIT File
[ error ] [8]未定义变量: msg[D:\phpStudy\WWW\Practice-one\p2p\application\index\controller\Payment.php:54]
---------------------------------------------------------------
[ 2017-12-04T20:57:32+08:00 ] 127.0.0.1 127.0.0.1 GET /index.php/index/payment/payment?pay=jQuery21107063587945290164_1512392249085&oid=1&uid=1&pt=3&money=0.01&sid=3&_=1512392249089
[ info ] www.mywebsitezhang.xin/index.php/index/payment/payment?pay=jQuery21107063587945290164_1512392249085&oid=1&uid=1&pt=3&money=0.01&sid=3&_=1512392249089 [运行时间：0.056796s][吞吐率：17.61req/s] [内存消耗：1,404.02kb] [文件加载：47]
[ info ] [ LANG ] D:\phpStudy\WWW\Practice-one\p2p\thinkphp\lang\zh-cn.php
[ info ] [ ROUTE ] array (
  'type' => 'module',
  'module' => 
  array (
    0 => 'index',
    1 => 'payment',
    2 => 'payment',
  ),
)
[ info ] [ HEADER ] array (
  'cookie' => 'UM_distinctid=160148e4ebb84-06e8c496e03a12-5948271d-1fa400-160148e4ebc823; tj_cid=36004ded-4d3c-2abd-aff8-ccc4c8d7a751; CNZZDATA1266198848=606247615-1512173359-%7C1512173359',
  'accept-language' => 'zh-CN,zh;q=0.8',
  'accept-encoding' => 'gzip, deflate',
  'referer' => 'http://127.0.0.1:8020/P2PApp/isPay.html',
  'accept' => '*/*',
  'user-agent' => 'Mozilla/5.0 (Linux; Android 6.0; Nexus 5 Build/MRA58N) AppleWebKit/537.36 (KHTML, like Gecko) Chrome/60.0.3112.78 Mobile Safari/537.36',
  'cache-control' => 'no-cache',
  'pragma' => 'no-cache',
  'connection' => 'keep-alive',
  'host' => 'www.mywebsitezhang.xin',
  'content-length' => '',
  'content-type' => '',
)
[ info ] [ PARAM ] array (
  'pay' => 'jQuery21107063587945290164_1512392249085',
  'oid' => '1',
  'uid' => '1',
  'pt' => '3',
  'money' => '0.01',
  'sid' => '3',
  '_' => '1512392249089',
)
[ info ] [ RUN ] app\index\controller\Payment->Payment[ D:\phpStudy\WWW\Practice-one\p2p\application\index\controller\Payment.php ]
[ info ] [ LOG ] INIT File
[ error ] [8]未定义变量: msg[D:\phpStudy\WWW\Practice-one\p2p\application\index\controller\Payment.php:54]
---------------------------------------------------------------
[ 2017-12-04T20:58:56+08:00 ] 127.0.0.1 127.0.0.1 GET /index.php/index/payment/payment?pay=jQuery21107063587945290164_1512392249085&oid=1&uid=1&pt=3&money=0.01&sid=3&_=1512392249090
[ info ] www.mywebsitezhang.xin/index.php/index/payment/payment?pay=jQuery21107063587945290164_1512392249085&oid=1&uid=1&pt=3&money=0.01&sid=3&_=1512392249090 [运行时间：0.034695s][吞吐率：28.82req/s] [内存消耗：1,404.02kb] [文件加载：47]
[ info ] [ LANG ] D:\phpStudy\WWW\Practice-one\p2p\thinkphp\lang\zh-cn.php
[ info ] [ ROUTE ] array (
  'type' => 'module',
  'module' => 
  array (
    0 => 'index',
    1 => 'payment',
    2 => 'payment',
  ),
)
[ info ] [ HEADER ] array (
  'cookie' => 'UM_distinctid=160148e4ebb84-06e8c496e03a12-5948271d-1fa400-160148e4ebc823; tj_cid=36004ded-4d3c-2abd-aff8-ccc4c8d7a751; CNZZDATA1266198848=606247615-1512173359-%7C1512173359',
  'accept-language' => 'zh-CN,zh;q=0.8',
  'accept-encoding' => 'gzip, deflate',
  'referer' => 'http://127.0.0.1:8020/P2PApp/isPay.html',
  'accept' => '*/*',
  'user-agent' => 'Mozilla/5.0 (Linux; Android 6.0; Nexus 5 Build/MRA58N) AppleWebKit/537.36 (KHTML, like Gecko) Chrome/60.0.3112.78 Mobile Safari/537.36',
  'cache-control' => 'no-cache',
  'pragma' => 'no-cache',
  'connection' => 'keep-alive',
  'host' => 'www.mywebsitezhang.xin',
  'content-length' => '',
  'content-type' => '',
)
[ info ] [ PARAM ] array (
  'pay' => 'jQuery21107063587945290164_1512392249085',
  'oid' => '1',
  'uid' => '1',
  'pt' => '3',
  'money' => '0.01',
  'sid' => '3',
  '_' => '1512392249090',
)
[ info ] [ RUN ] app\index\controller\Payment->Payment[ D:\phpStudy\WWW\Practice-one\p2p\application\index\controller\Payment.php ]
[ info ] [ LOG ] INIT File
[ error ] [8]未定义变量: msg[D:\phpStudy\WWW\Practice-one\p2p\application\index\controller\Payment.php:54]
---------------------------------------------------------------
[ 2017-12-04T20:58:58+08:00 ] 127.0.0.1 127.0.0.1 GET /index.php/index/payment/pay?pay=jQuery21109850732070438362_1512392338469&oid=1&uid=1&_=1512392338470
[ info ] www.mywebsitezhang.xin/index.php/index/payment/pay?pay=jQuery21109850732070438362_1512392338469&oid=1&uid=1&_=1512392338470 [运行时间：0.058810s][吞吐率：17.00req/s] [内存消耗：2,227.15kb] [文件加载：53]
[ info ] [ LANG ] D:\phpStudy\WWW\Practice-one\p2p\thinkphp\lang\zh-cn.php
[ info ] [ ROUTE ] array (
  'type' => 'module',
  'module' => 
  array (
    0 => 'index',
    1 => 'payment',
    2 => 'pay',
  ),
)
[ info ] [ HEADER ] array (
  'cookie' => 'UM_distinctid=160148e4ebb84-06e8c496e03a12-5948271d-1fa400-160148e4ebc823; tj_cid=36004ded-4d3c-2abd-aff8-ccc4c8d7a751; CNZZDATA1266198848=606247615-1512173359-%7C1512173359',
  'accept-language' => 'zh-CN,zh;q=0.8',
  'accept-encoding' => 'gzip, deflate',
  'referer' => 'http://127.0.0.1:8020/P2PApp/isPay.html',
  'accept' => '*/*',
  'user-agent' => 'Mozilla/5.0 (Linux; Android 6.0; Nexus 5 Build/MRA58N) AppleWebKit/537.36 (KHTML, like Gecko) Chrome/60.0.3112.78 Mobile Safari/537.36',
  'cache-control' => 'no-cache',
  'pragma' => 'no-cache',
  'connection' => 'keep-alive',
  'host' => 'www.mywebsitezhang.xin',
  'content-length' => '',
  'content-type' => '',
)
[ info ] [ PARAM ] array (
  'pay' => 'jQuery21109850732070438362_1512392338469',
  'oid' => '1',
  'uid' => '1',
  '_' => '1512392338470',
)
[ info ] [ RUN ] app\index\controller\Payment->Pay[ D:\phpStudy\WWW\Practice-one\p2p\application\index\controller\Payment.php ]
[ info ] [ DB ] INIT mysql
[ info ] [ DB ] INIT mysql
[ info ] [ LOG ] INIT File
[ sql ] [ DB ] CONNECT:[ UseTime:0.001054s ] mysql:host=127.0.0.1;dbname=p2pApp;charset=utf8
[ sql ] [ SQL ] SHOW COLUMNS FROM `p_order` [ RunTime:0.020142s ]
[ sql ] [ SQL ] SELECT * FROM `p_order` WHERE  `oid` = 1  AND `uid` = 1  AND `status` = 0 LIMIT 1 [ RunTime:0.000597s ]
---------------------------------------------------------------
[ 2017-12-04T20:59:00+08:00 ] 127.0.0.1 127.0.0.1 GET /index.php/index/payment/payment?pay=jQuery21109850732070438362_1512392338469&oid=1&uid=1&pt=3&money=0.01&sid=3&_=1512392338471
[ info ] www.mywebsitezhang.xin/index.php/index/payment/payment?pay=jQuery21109850732070438362_1512392338469&oid=1&uid=1&pt=3&money=0.01&sid=3&_=1512392338471 [运行时间：0.027312s][吞吐率：36.61req/s] [内存消耗：1,404.02kb] [文件加载：47]
[ info ] [ LANG ] D:\phpStudy\WWW\Practice-one\p2p\thinkphp\lang\zh-cn.php
[ info ] [ ROUTE ] array (
  'type' => 'module',
  'module' => 
  array (
    0 => 'index',
    1 => 'payment',
    2 => 'payment',
  ),
)
[ info ] [ HEADER ] array (
  'cookie' => 'UM_distinctid=160148e4ebb84-06e8c496e03a12-5948271d-1fa400-160148e4ebc823; tj_cid=36004ded-4d3c-2abd-aff8-ccc4c8d7a751; CNZZDATA1266198848=606247615-1512173359-%7C1512173359',
  'accept-language' => 'zh-CN,zh;q=0.8',
  'accept-encoding' => 'gzip, deflate',
  'referer' => 'http://127.0.0.1:8020/P2PApp/isPay.html',
  'accept' => '*/*',
  'user-agent' => 'Mozilla/5.0 (Linux; Android 6.0; Nexus 5 Build/MRA58N) AppleWebKit/537.36 (KHTML, like Gecko) Chrome/60.0.3112.78 Mobile Safari/537.36',
  'cache-control' => 'no-cache',
  'pragma' => 'no-cache',
  'connection' => 'keep-alive',
  'host' => 'www.mywebsitezhang.xin',
  'content-length' => '',
  'content-type' => '',
)
[ info ] [ PARAM ] array (
  'pay' => 'jQuery21109850732070438362_1512392338469',
  'oid' => '1',
  'uid' => '1',
  'pt' => '3',
  'money' => '0.01',
  'sid' => '3',
  '_' => '1512392338471',
)
[ info ] [ RUN ] app\index\controller\Payment->Payment[ D:\phpStudy\WWW\Practice-one\p2p\application\index\controller\Payment.php ]
[ info ] [ LOG ] INIT File
[ error ] [8]未定义变量: msg[D:\phpStudy\WWW\Practice-one\p2p\application\index\controller\Payment.php:54]
---------------------------------------------------------------
[ 2017-12-04T21:04:27+08:00 ] 127.0.0.1 127.0.0.1 GET /index.php/index/payment/payment?pay=jQuery21109850732070438362_1512392338469&oid=1&uid=1&pt=1&money=0.01&sid=3&_=1512392338472
[ info ] www.mywebsitezhang.xin/index.php/index/payment/payment?pay=jQuery21109850732070438362_1512392338469&oid=1&uid=1&pt=1&money=0.01&sid=3&_=1512392338472 [运行时间：0.144756s][吞吐率：6.91req/s] [内存消耗：2,212.76kb] [文件加载：54]
[ info ] [ LANG ] D:\phpStudy\WWW\Practice-one\p2p\thinkphp\lang\zh-cn.php
[ info ] [ ROUTE ] array (
  'type' => 'module',
  'module' => 
  array (
    0 => 'index',
    1 => 'payment',
    2 => 'payment',
  ),
)
[ info ] [ HEADER ] array (
  'cookie' => 'UM_distinctid=160148e4ebb84-06e8c496e03a12-5948271d-1fa400-160148e4ebc823; tj_cid=36004ded-4d3c-2abd-aff8-ccc4c8d7a751; CNZZDATA1266198848=606247615-1512173359-%7C1512173359',
  'accept-language' => 'zh-CN,zh;q=0.8',
  'accept-encoding' => 'gzip, deflate',
  'referer' => 'http://127.0.0.1:8020/P2PApp/isPay.html',
  'accept' => '*/*',
  'user-agent' => 'Mozilla/5.0 (Linux; Android 6.0; Nexus 5 Build/MRA58N) AppleWebKit/537.36 (KHTML, like Gecko) Chrome/60.0.3112.78 Mobile Safari/537.36',
  'cache-control' => 'no-cache',
  'pragma' => 'no-cache',
  'connection' => 'keep-alive',
  'host' => 'www.mywebsitezhang.xin',
  'content-length' => '',
  'content-type' => '',
)
[ info ] [ PARAM ] array (
  'pay' => 'jQuery21109850732070438362_1512392338469',
  'oid' => '1',
  'uid' => '1',
  'pt' => '1',
  'money' => '0.01',
  'sid' => '3',
  '_' => '1512392338472',
)
[ info ] [ RUN ] app\index\controller\Payment->Payment[ D:\phpStudy\WWW\Practice-one\p2p\application\index\controller\Payment.php ]
[ info ] [ DB ] INIT mysql
[ info ] [ LOG ] INIT File
---------------------------------------------------------------
[ 2017-12-04T21:04:33+08:00 ] 127.0.0.1 127.0.0.1 GET /index.php/index/payment/pay?pay=jQuery21103776045438775588_1512392673377&oid=1&uid=1&_=1512392673378
[ info ] www.mywebsitezhang.xin/index.php/index/payment/pay?pay=jQuery21103776045438775588_1512392673377&oid=1&uid=1&_=1512392673378 [运行时间：0.056229s][吞吐率：17.78req/s] [内存消耗：2,227.20kb] [文件加载：53]
[ info ] [ LANG ] D:\phpStudy\WWW\Practice-one\p2p\thinkphp\lang\zh-cn.php
[ info ] [ ROUTE ] array (
  'type' => 'module',
  'module' => 
  array (
    0 => 'index',
    1 => 'payment',
    2 => 'pay',
  ),
)
[ info ] [ HEADER ] array (
  'cookie' => 'UM_distinctid=160148e4ebb84-06e8c496e03a12-5948271d-1fa400-160148e4ebc823; tj_cid=36004ded-4d3c-2abd-aff8-ccc4c8d7a751; CNZZDATA1266198848=606247615-1512173359-%7C1512173359',
  'accept-language' => 'zh-CN,zh;q=0.8',
  'accept-encoding' => 'gzip, deflate',
  'referer' => 'http://127.0.0.1:8020/P2PApp/isPay.html',
  'accept' => '*/*',
  'user-agent' => 'Mozilla/5.0 (Linux; Android 6.0; Nexus 5 Build/MRA58N) AppleWebKit/537.36 (KHTML, like Gecko) Chrome/60.0.3112.78 Mobile Safari/537.36',
  'cache-control' => 'no-cache',
  'pragma' => 'no-cache',
  'connection' => 'keep-alive',
  'host' => 'www.mywebsitezhang.xin',
  'content-length' => '',
  'content-type' => '',
)
[ info ] [ PARAM ] array (
  'pay' => 'jQuery21103776045438775588_1512392673377',
  'oid' => '1',
  'uid' => '1',
  '_' => '1512392673378',
)
[ info ] [ RUN ] app\index\controller\Payment->Pay[ D:\phpStudy\WWW\Practice-one\p2p\application\index\controller\Payment.php ]
[ info ] [ DB ] INIT mysql
[ info ] [ DB ] INIT mysql
[ info ] [ LOG ] INIT File
[ sql ] [ DB ] CONNECT:[ UseTime:0.001366s ] mysql:host=127.0.0.1;dbname=p2pApp;charset=utf8
[ sql ] [ SQL ] SHOW COLUMNS FROM `p_order` [ RunTime:0.020351s ]
[ sql ] [ SQL ] SELECT * FROM `p_order` WHERE  `oid` = 1  AND `uid` = 1  AND `status` = 0 LIMIT 1 [ RunTime:0.000534s ]
---------------------------------------------------------------
[ 2017-12-04T21:04:37+08:00 ] 127.0.0.1 127.0.0.1 GET /index.php/index/payment/payment?pay=jQuery21103776045438775588_1512392673377&oid=1&uid=1&pt=3&money=0.01&sid=3&_=1512392673379
[ info ] www.mywebsitezhang.xin/index.php/index/payment/payment?pay=jQuery21103776045438775588_1512392673377&oid=1&uid=1&pt=3&money=0.01&sid=3&_=1512392673379 [运行时间：0.030698s][吞吐率：32.58req/s] [内存消耗：1,404.06kb] [文件加载：47]
[ info ] [ LANG ] D:\phpStudy\WWW\Practice-one\p2p\thinkphp\lang\zh-cn.php
[ info ] [ ROUTE ] array (
  'type' => 'module',
  'module' => 
  array (
    0 => 'index',
    1 => 'payment',
    2 => 'payment',
  ),
)
[ info ] [ HEADER ] array (
  'cookie' => 'UM_distinctid=160148e4ebb84-06e8c496e03a12-5948271d-1fa400-160148e4ebc823; tj_cid=36004ded-4d3c-2abd-aff8-ccc4c8d7a751; CNZZDATA1266198848=606247615-1512173359-%7C1512173359',
  'accept-language' => 'zh-CN,zh;q=0.8',
  'accept-encoding' => 'gzip, deflate',
  'referer' => 'http://127.0.0.1:8020/P2PApp/isPay.html',
  'accept' => '*/*',
  'user-agent' => 'Mozilla/5.0 (Linux; Android 6.0; Nexus 5 Build/MRA58N) AppleWebKit/537.36 (KHTML, like Gecko) Chrome/60.0.3112.78 Mobile Safari/537.36',
  'cache-control' => 'no-cache',
  'pragma' => 'no-cache',
  'connection' => 'keep-alive',
  'host' => 'www.mywebsitezhang.xin',
  'content-length' => '',
  'content-type' => '',
)
[ info ] [ PARAM ] array (
  'pay' => 'jQuery21103776045438775588_1512392673377',
  'oid' => '1',
  'uid' => '1',
  'pt' => '3',
  'money' => '0.01',
  'sid' => '3',
  '_' => '1512392673379',
)
[ info ] [ RUN ] app\index\controller\Payment->Payment[ D:\phpStudy\WWW\Practice-one\p2p\application\index\controller\Payment.php ]
[ info ] [ LOG ] INIT File
[ error ] [8]未定义变量: msg[D:\phpStudy\WWW\Practice-one\p2p\application\index\controller\Payment.php:64]
---------------------------------------------------------------
[ 2017-12-04T21:06:44+08:00 ] 127.0.0.1 127.0.0.1 GET /index.php/index/payment/pay?pay=jQuery21104941362741333224_1512392803886&oid=1&uid=1&_=1512392803887
[ info ] www.mywebsitezhang.xin/index.php/index/payment/pay?pay=jQuery21104941362741333224_1512392803886&oid=1&uid=1&_=1512392803887 [运行时间：0.069704s][吞吐率：14.35req/s] [内存消耗：2,227.20kb] [文件加载：53]
[ info ] [ LANG ] D:\phpStudy\WWW\Practice-one\p2p\thinkphp\lang\zh-cn.php
[ info ] [ ROUTE ] array (
  'type' => 'module',
  'module' => 
  array (
    0 => 'index',
    1 => 'payment',
    2 => 'pay',
  ),
)
[ info ] [ HEADER ] array (
  'cookie' => 'UM_distinctid=160148e4ebb84-06e8c496e03a12-5948271d-1fa400-160148e4ebc823; tj_cid=36004ded-4d3c-2abd-aff8-ccc4c8d7a751; CNZZDATA1266198848=606247615-1512173359-%7C1512173359',
  'accept-language' => 'zh-CN,zh;q=0.8',
  'accept-encoding' => 'gzip, deflate',
  'referer' => 'http://127.0.0.1:8020/P2PApp/isPay.html',
  'accept' => '*/*',
  'user-agent' => 'Mozilla/5.0 (Linux; Android 6.0; Nexus 5 Build/MRA58N) AppleWebKit/537.36 (KHTML, like Gecko) Chrome/60.0.3112.78 Mobile Safari/537.36',
  'cache-control' => 'no-cache',
  'pragma' => 'no-cache',
  'connection' => 'keep-alive',
  'host' => 'www.mywebsitezhang.xin',
  'content-length' => '',
  'content-type' => '',
)
[ info ] [ PARAM ] array (
  'pay' => 'jQuery21104941362741333224_1512392803886',
  'oid' => '1',
  'uid' => '1',
  '_' => '1512392803887',
)
[ info ] [ RUN ] app\index\controller\Payment->Pay[ D:\phpStudy\WWW\Practice-one\p2p\application\index\controller\Payment.php ]
[ info ] [ DB ] INIT mysql
[ info ] [ DB ] INIT mysql
[ info ] [ LOG ] INIT File
[ sql ] [ DB ] CONNECT:[ UseTime:0.001330s ] mysql:host=127.0.0.1;dbname=p2pApp;charset=utf8
[ sql ] [ SQL ] SHOW COLUMNS FROM `p_order` [ RunTime:0.021929s ]
[ sql ] [ SQL ] SELECT * FROM `p_order` WHERE  `oid` = 1  AND `uid` = 1  AND `status` = 0 LIMIT 1 [ RunTime:0.001162s ]
