---------------------------------------------------------------
[ 2017-12-06T10:13:41+08:00 ] 127.0.0.1 127.0.0.1 GET /index.php/index/order/shopinfo?callback=jQuery211028459305345983354_1512526421616&sid=2&_=1512526421617
[ info ] www.mywebsitezhang.xin/index.php/index/order/shopinfo?callback=jQuery211028459305345983354_1512526421616&sid=2&_=1512526421617 [运行时间：0.026362s][吞吐率：37.93req/s] [内存消耗：1,378.85kb] [文件加载：33]
[ error ] [4]syntax error, unexpected '<<' (T_SL), expecting ']'[C:\Users\hp\Desktop\App\application\config.php:144]
[ info ] [ LOG ] INIT File
---------------------------------------------------------------
[ 2017-12-06T10:13:54+08:00 ] 127.0.0.1 127.0.0.1 GET /index.php/index/order/shopinfo?callback=jQuery211005656591824370416_1512526434366&sid=2&_=1512526434367
[ info ] www.mywebsitezhang.xin/index.php/index/order/shopinfo?callback=jQuery211005656591824370416_1512526434366&sid=2&_=1512526434367 [运行时间：0.037661s][吞吐率：26.55req/s] [内存消耗：1,378.75kb] [文件加载：33]
[ error ] [4]syntax error, unexpected '<<' (T_SL), expecting ']'[C:\Users\hp\Desktop\App\application\config.php:144]
[ info ] [ LOG ] INIT File
---------------------------------------------------------------
[ 2017-12-06T10:13:55+08:00 ] 127.0.0.1 127.0.0.1 GET /index.php/index/order/shopinfo?callback=jQuery21107659221419763926_1512526435736&sid=2&_=1512526435737
[ info ] www.mywebsitezhang.xin/index.php/index/order/shopinfo?callback=jQuery21107659221419763926_1512526435736&sid=2&_=1512526435737 [运行时间：0.020727s][吞吐率：48.25req/s] [内存消耗：1,378.81kb] [文件加载：33]
[ error ] [4]syntax error, unexpected '<<' (T_SL), expecting ']'[C:\Users\hp\Desktop\App\application\config.php:144]
[ info ] [ LOG ] INIT File
---------------------------------------------------------------
[ 2017-12-06T10:13:57+08:00 ] 127.0.0.1 127.0.0.1 GET /index.php/index/order/shopinfo?callback=jQuery211022915962905887866_1512526436866&sid=2&_=1512526436867
[ info ] www.mywebsitezhang.xin/index.php/index/order/shopinfo?callback=jQuery211022915962905887866_1512526436866&sid=2&_=1512526436867 [运行时间：0.038507s][吞吐率：25.97req/s] [内存消耗：1,378.75kb] [文件加载：33]
[ error ] [4]syntax error, unexpected '<<' (T_SL), expecting ']'[C:\Users\hp\Desktop\App\application\config.php:144]
[ info ] [ LOG ] INIT File
---------------------------------------------------------------
[ 2017-12-06T10:14:13+08:00 ] 127.0.0.1 127.0.0.1 GET /index.php/index/order/shopinfo?callback=jQuery211022915962905887866_1512526436866&sid=2&_=1512526436867
[ info ] www.mywebsitezhang.xin/index.php/index/order/shopinfo?callback=jQuery211022915962905887866_1512526436866&sid=2&_=1512526436867 [运行时间：0.021684s][吞吐率：46.12req/s] [内存消耗：1,378.83kb] [文件加载：33]
[ error ] [4]syntax error, unexpected '<<' (T_SL), expecting ']'[C:\Users\hp\Desktop\App\application\config.php:144]
[ info ] [ LOG ] INIT File
---------------------------------------------------------------
[ 2017-12-06T10:17:03+08:00 ] 127.0.0.1 127.0.0.1 GET /index.php/index/order/shopinfo?callback=jQuery211022915962905887866_1512526436866&sid=2&_=1512526436867
[ info ] www.mywebsitezhang.xin/index.php/index/order/shopinfo?callback=jQuery211022915962905887866_1512526436866&sid=2&_=1512526436867 [运行时间：0.080997s][吞吐率：12.35req/s] [内存消耗：2,777.98kb] [文件加载：58]
[ info ] [ LANG ] C:\Users\hp\Desktop\App\thinkphp\lang\zh-cn.php
[ info ] [ ROUTE ] array (
  'type' => 'module',
  'module' => 
  array (
    0 => 'index',
    1 => 'order',
    2 => 'shopinfo',
  ),
)
[ info ] [ HEADER ] array (
  'host' => 'www.mywebsitezhang.xin',
  'connection' => 'keep-alive',
  'pragma' => 'no-cache',
  'cache-control' => 'no-cache',
  'user-agent' => 'Mozilla/5.0 (Windows NT 10.0; WOW64) AppleWebKit/537.36 (KHTML, like Gecko) Chrome/61.0.3163.100 Safari/537.36',
  'upgrade-insecure-requests' => '1',
  'accept' => 'text/html,application/xhtml+xml,application/xml;q=0.9,image/webp,image/apng,*/*;q=0.8',
  'accept-encoding' => 'gzip, deflate',
  'accept-language' => 'zh-CN,zh;q=0.8',
  'cookie' => 'UM_distinctid=15f6fbb1e5427d-013b02f86952bf-3e63430c-100200-15f6fbb1e55910; tj_cid=b823d35e-8972-17a9-5879-791bfee82375; bdshare_firstime=1511682024863; CNZZDATA1266198848=1389686593-1509408054-%7C1511682000; PHPSESSID=lq03q8lhod5vsaqt6cat33dqn1',
)
[ info ] [ PARAM ] array (
  'callback' => 'jQuery211022915962905887866_1512526436866',
  'sid' => '2',
  '_' => '1512526436867',
)
[ info ] [ RUN ] app\index\controller\Order->Shopinfo[ C:\Users\hp\Desktop\App\application\index\controller\Order.php ]
[ info ] [ DB ] INIT mysql
[ info ] [ LOG ] INIT File
[ sql ] [ DB ] CONNECT:[ UseTime:0.018172s ] mysql:host=127.0.0.1;dbname=p2pApp;charset=utf8
[ error ] [10501]SQLSTATE[42S02]: Base table or view not found: 1146 Table 'p2papp.shop' doesn't exist[C:\Users\hp\Desktop\App\thinkphp\library\think\db\Connection.php:388]
---------------------------------------------------------------
[ 2017-12-06T10:17:53+08:00 ] 127.0.0.1 127.0.0.1 GET /index.php/index/order/shopinfo?callback=jQuery211022915962905887866_1512526436866&sid=2&_=1512526436867
[ info ] www.mywebsitezhang.xin/index.php/index/order/shopinfo?callback=jQuery211022915962905887866_1512526436866&sid=2&_=1512526436867 [运行时间：1.204515s][吞吐率：0.83req/s] [内存消耗：2,736.69kb] [文件加载：53]
[ info ] [ LANG ] C:\Users\hp\Desktop\App\thinkphp\lang\zh-cn.php
[ info ] [ ROUTE ] array (
  'type' => 'module',
  'module' => 
  array (
    0 => 'index',
    1 => 'order',
    2 => 'shopinfo',
  ),
)
[ info ] [ HEADER ] array (
  'host' => 'www.mywebsitezhang.xin',
  'connection' => 'keep-alive',
  'pragma' => 'no-cache',
  'cache-control' => 'no-cache',
  'user-agent' => 'Mozilla/5.0 (Windows NT 10.0; WOW64) AppleWebKit/537.36 (KHTML, like Gecko) Chrome/61.0.3163.100 Safari/537.36',
  'upgrade-insecure-requests' => '1',
  'accept' => 'text/html,application/xhtml+xml,application/xml;q=0.9,image/webp,image/apng,*/*;q=0.8',
  'accept-encoding' => 'gzip, deflate',
  'accept-language' => 'zh-CN,zh;q=0.8',
  'cookie' => 'UM_distinctid=15f6fbb1e5427d-013b02f86952bf-3e63430c-100200-15f6fbb1e55910; tj_cid=b823d35e-8972-17a9-5879-791bfee82375; bdshare_firstime=1511682024863; CNZZDATA1266198848=1389686593-1509408054-%7C1511682000; PHPSESSID=lq03q8lhod5vsaqt6cat33dqn1',
)
[ info ] [ PARAM ] array (
  'callback' => 'jQuery211022915962905887866_1512526436866',
  'sid' => '2',
  '_' => '1512526436867',
)
[ info ] [ RUN ] app\index\controller\Order->Shopinfo[ C:\Users\hp\Desktop\App\application\index\controller\Order.php ]
[ info ] [ DB ] INIT mysql
[ info ] [ LOG ] INIT File
[ sql ] [ DB ] CONNECT:[ UseTime:0.356079s ] mysql:host=101.201.66.194;port=3306;dbname=p2pApp;charset=utf8
[ sql ] [ SQL ] SHOW COLUMNS FROM `p_shop` [ RunTime:0.758561s ]
[ sql ] [ SQL ] SELECT * FROM `p_shop` WHERE  `sid` = 2 LIMIT 1 [ RunTime:0.055223s ]
---------------------------------------------------------------
[ 2017-12-06T10:18:03+08:00 ] 127.0.0.1 127.0.0.1 GET /index.php/index/order/shopinfo?callback=jQuery2110837400497321855_1512526682761&sid=2&_=1512526682762
[ info ] www.mywebsitezhang.xin/index.php/index/order/shopinfo?callback=jQuery2110837400497321855_1512526682761&sid=2&_=1512526682762 [运行时间：0.442420s][吞吐率：2.26req/s] [内存消耗：2,736.34kb] [文件加载：53]
[ info ] [ LANG ] C:\Users\hp\Desktop\App\thinkphp\lang\zh-cn.php
[ info ] [ ROUTE ] array (
  'type' => 'module',
  'module' => 
  array (
    0 => 'index',
    1 => 'order',
    2 => 'shopinfo',
  ),
)
[ info ] [ HEADER ] array (
  'host' => 'www.mywebsitezhang.xin',
  'connection' => 'keep-alive',
  'pragma' => 'no-cache',
  'cache-control' => 'no-cache',
  'user-agent' => 'Mozilla/5.0 (Linux; Android 6.0; Nexus 5 Build/MRA58N) AppleWebKit/537.36 (KHTML, like Gecko) Chrome/61.0.3163.100 Mobile Safari/537.36',
  'accept' => '*/*',
  'accept-encoding' => 'gzip, deflate',
  'accept-language' => 'zh-CN,zh;q=0.8',
  'cookie' => 'UM_distinctid=15f6fbb1e5427d-013b02f86952bf-3e63430c-100200-15f6fbb1e55910; tj_cid=b823d35e-8972-17a9-5879-791bfee82375; bdshare_firstime=1511682024863; CNZZDATA1266198848=1389686593-1509408054-%7C1511682000; PHPSESSID=lq03q8lhod5vsaqt6cat33dqn1',
)
[ info ] [ PARAM ] array (
  'callback' => 'jQuery2110837400497321855_1512526682761',
  'sid' => '2',
  '_' => '1512526682762',
)
[ info ] [ RUN ] app\index\controller\Order->Shopinfo[ C:\Users\hp\Desktop\App\application\index\controller\Order.php ]
[ info ] [ DB ] INIT mysql
[ info ] [ LOG ] INIT File
[ sql ] [ DB ] CONNECT:[ UseTime:0.355020s ] mysql:host=101.201.66.194;port=3306;dbname=p2pApp;charset=utf8
[ sql ] [ SQL ] SHOW COLUMNS FROM `p_shop` [ RunTime:0.013259s ]
[ sql ] [ SQL ] SELECT * FROM `p_shop` WHERE  `sid` = 2 LIMIT 1 [ RunTime:0.011991s ]
---------------------------------------------------------------
[ 2017-12-06T10:18:57+08:00 ] 127.0.0.1 127.0.0.1 GET /index.php/index/order/shopinfo?callback=jQuery2110904807855408134_1512526736715&sid=2&_=1512526736716
[ info ] www.mywebsitezhang.xin/index.php/index/order/shopinfo?callback=jQuery2110904807855408134_1512526736715&sid=2&_=1512526736716 [运行时间：0.843484s][吞吐率：1.19req/s] [内存消耗：2,735.90kb] [文件加载：53]
[ info ] [ LANG ] C:\Users\hp\Desktop\App\thinkphp\lang\zh-cn.php
[ info ] [ ROUTE ] array (
  'type' => 'module',
  'module' => 
  array (
    0 => 'index',
    1 => 'order',
    2 => 'shopinfo',
  ),
)
[ info ] [ HEADER ] array (
  'host' => 'www.mywebsitezhang.xin',
  'connection' => 'keep-alive',
  'user-agent' => 'Mozilla/5.0 (Linux; Android 6.0; Nexus 5 Build/MRA58N) AppleWebKit/537.36 (KHTML, like Gecko) Chrome/61.0.3163.100 Mobile Safari/537.36',
  'accept' => '*/*',
  'accept-encoding' => 'gzip, deflate',
  'accept-language' => 'zh-CN,zh;q=0.8',
  'cookie' => 'UM_distinctid=15f6fbb1e5427d-013b02f86952bf-3e63430c-100200-15f6fbb1e55910; tj_cid=b823d35e-8972-17a9-5879-791bfee82375; bdshare_firstime=1511682024863; CNZZDATA1266198848=1389686593-1509408054-%7C1511682000; PHPSESSID=lq03q8lhod5vsaqt6cat33dqn1',
)
[ info ] [ PARAM ] array (
  'callback' => 'jQuery2110904807855408134_1512526736715',
  'sid' => '2',
  '_' => '1512526736716',
)
[ info ] [ RUN ] app\index\controller\Order->Shopinfo[ C:\Users\hp\Desktop\App\application\index\controller\Order.php ]
[ info ] [ DB ] INIT mysql
[ info ] [ LOG ] INIT File
[ sql ] [ DB ] CONNECT:[ UseTime:0.133374s ] mysql:host=101.201.66.194;port=3306;dbname=p2pApp;charset=utf8
[ sql ] [ SQL ] SHOW COLUMNS FROM `p_shop` [ RunTime:0.585645s ]
[ sql ] [ SQL ] SELECT * FROM `p_shop` WHERE  `sid` = 2 LIMIT 1 [ RunTime:0.024180s ]
---------------------------------------------------------------
[ 2017-12-06T10:18:57+08:00 ] 127.0.0.1 127.0.0.1 GET /index.php/index/order/shopinfo?callback=jQuery21106226842997280373_1512526734675&sid=2&_=1512526734676
[ info ] www.mywebsitezhang.xin/index.php/index/order/shopinfo?callback=jQuery21106226842997280373_1512526734675&sid=2&_=1512526734676 [运行时间：3.147015s][吞吐率：0.32req/s] [内存消耗：2,735.95kb] [文件加载：53]
[ info ] [ LANG ] C:\Users\hp\Desktop\App\thinkphp\lang\zh-cn.php
[ info ] [ ROUTE ] array (
  'type' => 'module',
  'module' => 
  array (
    0 => 'index',
    1 => 'order',
    2 => 'shopinfo',
  ),
)
[ info ] [ HEADER ] array (
  'host' => 'www.mywebsitezhang.xin',
  'connection' => 'keep-alive',
  'user-agent' => 'Mozilla/5.0 (Linux; Android 6.0; Nexus 5 Build/MRA58N) AppleWebKit/537.36 (KHTML, like Gecko) Chrome/61.0.3163.100 Mobile Safari/537.36',
  'accept' => '*/*',
  'accept-encoding' => 'gzip, deflate',
  'accept-language' => 'zh-CN,zh;q=0.8',
  'cookie' => 'UM_distinctid=15f6fbb1e5427d-013b02f86952bf-3e63430c-100200-15f6fbb1e55910; tj_cid=b823d35e-8972-17a9-5879-791bfee82375; bdshare_firstime=1511682024863; CNZZDATA1266198848=1389686593-1509408054-%7C1511682000; PHPSESSID=lq03q8lhod5vsaqt6cat33dqn1',
)
[ info ] [ PARAM ] array (
  'callback' => 'jQuery21106226842997280373_1512526734675',
  'sid' => '2',
  '_' => '1512526734676',
)
[ info ] [ RUN ] app\index\controller\Order->Shopinfo[ C:\Users\hp\Desktop\App\application\index\controller\Order.php ]
[ info ] [ DB ] INIT mysql
[ info ] [ LOG ] INIT File
[ sql ] [ DB ] CONNECT:[ UseTime:3.047380s ] mysql:host=101.201.66.194;port=3306;dbname=p2pApp;charset=utf8
[ sql ] [ SQL ] SHOW COLUMNS FROM `p_shop` [ RunTime:0.032585s ]
[ sql ] [ SQL ] SELECT * FROM `p_shop` WHERE  `sid` = 2 LIMIT 1 [ RunTime:0.028868s ]
---------------------------------------------------------------
[ 2017-12-06T10:21:11+08:00 ] 127.0.0.1 127.0.0.1 GET /index.php/index/order/shopinfo?callback=jQuery211006799449844530403_1512526869947&sid=2&_=1512526869948
[ info ] www.mywebsitezhang.xin/index.php/index/order/shopinfo?callback=jQuery211006799449844530403_1512526869947&sid=2&_=1512526869948 [运行时间：1.798611s][吞吐率：0.56req/s] [内存消耗：2,735.88kb] [文件加载：53]
[ info ] [ LANG ] C:\Users\hp\Desktop\App\thinkphp\lang\zh-cn.php
[ info ] [ ROUTE ] array (
  'type' => 'module',
  'module' => 
  array (
    0 => 'index',
    1 => 'order',
    2 => 'shopinfo',
  ),
)
[ info ] [ HEADER ] array (
  'host' => 'www.mywebsitezhang.xin',
  'connection' => 'keep-alive',
  'user-agent' => 'Mozilla/5.0 (Windows NT 10.0; WOW64) AppleWebKit/537.36 (KHTML, like Gecko) Chrome/61.0.3163.100 Safari/537.36',
  'accept' => '*/*',
  'accept-encoding' => 'gzip, deflate',
  'accept-language' => 'zh-CN,zh;q=0.8',
  'cookie' => 'UM_distinctid=15f6fbb1e5427d-013b02f86952bf-3e63430c-100200-15f6fbb1e55910; tj_cid=b823d35e-8972-17a9-5879-791bfee82375; bdshare_firstime=1511682024863; CNZZDATA1266198848=1389686593-1509408054-%7C1511682000; PHPSESSID=lq03q8lhod5vsaqt6cat33dqn1',
)
[ info ] [ PARAM ] array (
  'callback' => 'jQuery211006799449844530403_1512526869947',
  'sid' => '2',
  '_' => '1512526869948',
)
[ info ] [ RUN ] app\index\controller\Order->Shopinfo[ C:\Users\hp\Desktop\App\application\index\controller\Order.php ]
[ info ] [ DB ] INIT mysql
[ info ] [ LOG ] INIT File
[ sql ] [ DB ] CONNECT:[ UseTime:0.926150s ] mysql:host=101.201.66.194;port=3306;dbname=p2pApp;charset=utf8
[ sql ] [ SQL ] SHOW COLUMNS FROM `p_shop` [ RunTime:0.784666s ]
[ sql ] [ SQL ] SELECT * FROM `p_shop` WHERE  `sid` = 2 LIMIT 1 [ RunTime:0.027847s ]
